{"date":"Mon Oct 16 2023 12:18:18 GMT+0200 (Central European Summer Time)","error":{},"exception":true,"level":"error","message":"uncaughtException: logger.info is not a function\nTypeError: logger.info is not a function\n    at Server.<anonymous> (/Users/theonorris/authentication-ms/src/app/index.ts:30:10)\n    at Object.onceWrapper (node:events:631:28)\n    at Server.emit (node:events:517:28)\n    at Server.emit (node:domain:489:12)\n    at emitListeningNT (node:net:1851:10)\n    at processTicksAndRejections (node:internal/process/task_queues:81:21)","os":{"loadavg":[10.61572265625,6.93310546875,6.2724609375],"uptime":135108},"process":{"argv":["/Users/theonorris/authentication-ms/node_modules/.bin/ts-node","/Users/theonorris/authentication-ms/src/app/index.ts"],"cwd":"/Users/theonorris/authentication-ms","execPath":"/Users/theonorris/.nvm/versions/node/v18.18.2/bin/node","gid":20,"memoryUsage":{"arrayBuffers":2262493,"external":3704142,"heapTotal":135958528,"heapUsed":108893448,"rss":183934976},"pid":32706,"uid":501,"version":"v18.18.2"},"service":"Authentication Micro Services","stack":"TypeError: logger.info is not a function\n    at Server.<anonymous> (/Users/theonorris/authentication-ms/src/app/index.ts:30:10)\n    at Object.onceWrapper (node:events:631:28)\n    at Server.emit (node:events:517:28)\n    at Server.emit (node:domain:489:12)\n    at emitListeningNT (node:net:1851:10)\n    at processTicksAndRejections (node:internal/process/task_queues:81:21)","timestamp":"2023-10-16 12:18:18","trace":[{"column":10,"file":"/Users/theonorris/authentication-ms/src/app/index.ts","function":null,"line":30,"method":null,"native":false},{"column":28,"file":"node:events","function":"Object.onceWrapper","line":631,"method":"onceWrapper","native":false},{"column":28,"file":"node:events","function":"Server.emit","line":517,"method":"emit","native":false},{"column":12,"file":"node:domain","function":"Server.emit","line":489,"method":"emit","native":false},{"column":10,"file":"node:net","function":"emitListeningNT","line":1851,"method":null,"native":false},{"column":21,"file":"node:internal/process/task_queues","function":"processTicksAndRejections","line":81,"method":null,"native":false}]}
{"date":"Mon Oct 16 2023 12:18:33 GMT+0200 (Central European Summer Time)","error":{},"exception":true,"level":"error","message":"uncaughtException: logger.info is not a function\nTypeError: logger.info is not a function\n    at Server.<anonymous> (/Users/theonorris/authentication-ms/src/app/index.ts:30:10)\n    at Object.onceWrapper (node:events:631:28)\n    at Server.emit (node:events:517:28)\n    at Server.emit (node:domain:489:12)\n    at emitListeningNT (node:net:1851:10)\n    at processTicksAndRejections (node:internal/process/task_queues:81:21)","os":{"loadavg":[9.09521484375,6.7734375,6.22607421875],"uptime":135123},"process":{"argv":["/Users/theonorris/authentication-ms/node_modules/.bin/ts-node","/Users/theonorris/authentication-ms/src/app/index.ts"],"cwd":"/Users/theonorris/authentication-ms","execPath":"/Users/theonorris/.nvm/versions/node/v18.18.2/bin/node","gid":20,"memoryUsage":{"arrayBuffers":2245320,"external":3686969,"heapTotal":134979584,"heapUsed":109104488,"rss":181776384},"pid":32814,"uid":501,"version":"v18.18.2"},"service":"Authentication Micro Services","stack":"TypeError: logger.info is not a function\n    at Server.<anonymous> (/Users/theonorris/authentication-ms/src/app/index.ts:30:10)\n    at Object.onceWrapper (node:events:631:28)\n    at Server.emit (node:events:517:28)\n    at Server.emit (node:domain:489:12)\n    at emitListeningNT (node:net:1851:10)\n    at processTicksAndRejections (node:internal/process/task_queues:81:21)","timestamp":"2023-10-16 12:18:33","trace":[{"column":10,"file":"/Users/theonorris/authentication-ms/src/app/index.ts","function":null,"line":30,"method":null,"native":false},{"column":28,"file":"node:events","function":"Object.onceWrapper","line":631,"method":"onceWrapper","native":false},{"column":28,"file":"node:events","function":"Server.emit","line":517,"method":"emit","native":false},{"column":12,"file":"node:domain","function":"Server.emit","line":489,"method":"emit","native":false},{"column":10,"file":"node:net","function":"emitListeningNT","line":1851,"method":null,"native":false},{"column":21,"file":"node:internal/process/task_queues","function":"processTicksAndRejections","line":81,"method":null,"native":false}]}
{"date":"Mon Oct 16 2023 12:19:16 GMT+0200 (Central European Summer Time)","error":{},"exception":true,"level":"error","message":"uncaughtException: logger.info is not a function\nTypeError: logger.info is not a function\n    at Server.<anonymous> (/Users/theonorris/authentication-ms/src/app/index.ts:30:10)\n    at Object.onceWrapper (node:events:631:28)\n    at Server.emit (node:events:517:28)\n    at Server.emit (node:domain:489:12)\n    at emitListeningNT (node:net:1851:10)\n    at processTicksAndRejections (node:internal/process/task_queues:81:21)","os":{"loadavg":[6.91552734375,6.55126953125,6.171875],"uptime":135166},"process":{"argv":["/Users/theonorris/authentication-ms/node_modules/.bin/ts-node","/Users/theonorris/authentication-ms/src/app/index.ts"],"cwd":"/Users/theonorris/authentication-ms","execPath":"/Users/theonorris/.nvm/versions/node/v18.18.2/bin/node","gid":20,"memoryUsage":{"arrayBuffers":2501830,"external":3943479,"heapTotal":136814592,"heapUsed":109541744,"rss":183656448},"pid":32844,"uid":501,"version":"v18.18.2"},"service":"Authentication Micro Services","stack":"TypeError: logger.info is not a function\n    at Server.<anonymous> (/Users/theonorris/authentication-ms/src/app/index.ts:30:10)\n    at Object.onceWrapper (node:events:631:28)\n    at Server.emit (node:events:517:28)\n    at Server.emit (node:domain:489:12)\n    at emitListeningNT (node:net:1851:10)\n    at processTicksAndRejections (node:internal/process/task_queues:81:21)","timestamp":"2023-10-16 12:19:16","trace":[{"column":10,"file":"/Users/theonorris/authentication-ms/src/app/index.ts","function":null,"line":30,"method":null,"native":false},{"column":28,"file":"node:events","function":"Object.onceWrapper","line":631,"method":"onceWrapper","native":false},{"column":28,"file":"node:events","function":"Server.emit","line":517,"method":"emit","native":false},{"column":12,"file":"node:domain","function":"Server.emit","line":489,"method":"emit","native":false},{"column":10,"file":"node:net","function":"emitListeningNT","line":1851,"method":null,"native":false},{"column":21,"file":"node:internal/process/task_queues","function":"processTicksAndRejections","line":81,"method":null,"native":false}]}
{"level":"error","message":"[Authentication Micro Services] caught exception: app[route.method] is not a function","service":"Authentication Micro Services","timestamp":"2023-10-17 11:38:56"}
{"level":"error","message":"[Authentication Micro Services] caught exception: app[route.method] is not a function","service":"Authentication Micro Services","timestamp":"2023-10-17 11:45:47"}
{"level":"error","message":"[Authentication Micro Services] caught exception: app[route.method] is not a function","service":"Authentication Micro Services","timestamp":"2023-10-17 11:45:58"}
{"level":"error","message":"[Authentication Micro Services] caught exception: app[route.method] is not a function","service":"Authentication Micro Services","timestamp":"2023-10-17 11:53:14"}
{"level":"error","message":"[Authentication Micro Services] caught exception: app[route.method] is not a function","service":"Authentication Micro Services","timestamp":"2023-10-17 11:54:03"}
{"date":"Tue Oct 17 2023 12:45:50 GMT+0200 (Central European Summer Time)","error":{"diagnosticCodes":[18004,18004,18004]},"exception":true,"level":"error","message":"uncaughtException: ⨯ Unable to compile TypeScript:\n\u001b[96msrc/app/component/use-cases/index.ts\u001b[0m:\u001b[93m10\u001b[0m:\u001b[93m32\u001b[0m - \u001b[91merror\u001b[0m\u001b[90m TS18004: \u001b[0mNo value exists in scope for the shorthand property 'access'. Either declare one or provide an initializer.\n\n\u001b[7m10\u001b[0m     await createPost({ logger, access, mkdir, writeFile}).post({ params, filePath, fileDir});\n\u001b[7m  \u001b[0m \u001b[91m                               ~~~~~~\u001b[0m\n\u001b[96msrc/app/component/use-cases/index.ts\u001b[0m:\u001b[93m10\u001b[0m:\u001b[93m40\u001b[0m - \u001b[91merror\u001b[0m\u001b[90m TS18004: \u001b[0mNo value exists in scope for the shorthand property 'mkdir'. Either declare one or provide an initializer.\n\n\u001b[7m10\u001b[0m     await createPost({ logger, access, mkdir, writeFile}).post({ params, filePath, fileDir});\n\u001b[7m  \u001b[0m \u001b[91m                                       ~~~~~\u001b[0m\n\u001b[96msrc/app/component/use-cases/index.ts\u001b[0m:\u001b[93m10\u001b[0m:\u001b[93m47\u001b[0m - \u001b[91merror\u001b[0m\u001b[90m TS18004: \u001b[0mNo value exists in scope for the shorthand property 'writeFile'. Either declare one or provide an initializer.\n\n\u001b[7m10\u001b[0m     await createPost({ logger, access, mkdir, writeFile}).post({ params, filePath, fileDir});\n\u001b[7m  \u001b[0m \u001b[91m                                              ~~~~~~~~~\u001b[0m\n\nTSError: ⨯ Unable to compile TypeScript:\n\u001b[96msrc/app/component/use-cases/index.ts\u001b[0m:\u001b[93m10\u001b[0m:\u001b[93m32\u001b[0m - \u001b[91merror\u001b[0m\u001b[90m TS18004: \u001b[0mNo value exists in scope for the shorthand property 'access'. Either declare one or provide an initializer.\n\n\u001b[7m10\u001b[0m     await createPost({ logger, access, mkdir, writeFile}).post({ params, filePath, fileDir});\n\u001b[7m  \u001b[0m \u001b[91m                               ~~~~~~\u001b[0m\n\u001b[96msrc/app/component/use-cases/index.ts\u001b[0m:\u001b[93m10\u001b[0m:\u001b[93m40\u001b[0m - \u001b[91merror\u001b[0m\u001b[90m TS18004: \u001b[0mNo value exists in scope for the shorthand property 'mkdir'. Either declare one or provide an initializer.\n\n\u001b[7m10\u001b[0m     await createPost({ logger, access, mkdir, writeFile}).post({ params, filePath, fileDir});\n\u001b[7m  \u001b[0m \u001b[91m                                       ~~~~~\u001b[0m\n\u001b[96msrc/app/component/use-cases/index.ts\u001b[0m:\u001b[93m10\u001b[0m:\u001b[93m47\u001b[0m - \u001b[91merror\u001b[0m\u001b[90m TS18004: \u001b[0mNo value exists in scope for the shorthand property 'writeFile'. Either declare one or provide an initializer.\n\n\u001b[7m10\u001b[0m     await createPost({ logger, access, mkdir, writeFile}).post({ params, filePath, fileDir});\n\u001b[7m  \u001b[0m \u001b[91m                                              ~~~~~~~~~\u001b[0m\n\n    at createTSError (/Users/theonorris/authentication-ms/node_modules/ts-node/src/index.ts:859:12)\n    at reportTSError (/Users/theonorris/authentication-ms/node_modules/ts-node/src/index.ts:863:19)\n    at getOutput (/Users/theonorris/authentication-ms/node_modules/ts-node/src/index.ts:1077:36)\n    at Object.compile (/Users/theonorris/authentication-ms/node_modules/ts-node/src/index.ts:1433:41)\n    at Module.m._compile (/Users/theonorris/authentication-ms/node_modules/ts-node/src/index.ts:1617:30)\n    at Module._extensions..js (node:internal/modules/cjs/loader:1310:10)\n    at Object.require.extensions.<computed> [as .ts] (/Users/theonorris/authentication-ms/node_modules/ts-node/src/index.ts:1621:12)\n    at Module.load (node:internal/modules/cjs/loader:1119:32)\n    at Function.Module._load (node:internal/modules/cjs/loader:960:12)\n    at Module.require (node:internal/modules/cjs/loader:1143:19)","os":{"loadavg":[8.33154296875,6.072265625,6.21142578125],"uptime":223157},"process":{"argv":["/Users/theonorris/authentication-ms/node_modules/.bin/ts-node","/Users/theonorris/authentication-ms/src/app/index.ts"],"cwd":"/Users/theonorris/authentication-ms","execPath":"/Users/theonorris/.nvm/versions/node/v18.18.2/bin/node","gid":20,"memoryUsage":{"arrayBuffers":2022833,"external":3434201,"heapTotal":139620352,"heapUsed":108724056,"rss":187662336},"pid":41539,"uid":501,"version":"v18.18.2"},"service":"Authentication Micro Services","stack":"TSError: ⨯ Unable to compile TypeScript:\n\u001b[96msrc/app/component/use-cases/index.ts\u001b[0m:\u001b[93m10\u001b[0m:\u001b[93m32\u001b[0m - \u001b[91merror\u001b[0m\u001b[90m TS18004: \u001b[0mNo value exists in scope for the shorthand property 'access'. Either declare one or provide an initializer.\n\n\u001b[7m10\u001b[0m     await createPost({ logger, access, mkdir, writeFile}).post({ params, filePath, fileDir});\n\u001b[7m  \u001b[0m \u001b[91m                               ~~~~~~\u001b[0m\n\u001b[96msrc/app/component/use-cases/index.ts\u001b[0m:\u001b[93m10\u001b[0m:\u001b[93m40\u001b[0m - \u001b[91merror\u001b[0m\u001b[90m TS18004: \u001b[0mNo value exists in scope for the shorthand property 'mkdir'. Either declare one or provide an initializer.\n\n\u001b[7m10\u001b[0m     await createPost({ logger, access, mkdir, writeFile}).post({ params, filePath, fileDir});\n\u001b[7m  \u001b[0m \u001b[91m                                       ~~~~~\u001b[0m\n\u001b[96msrc/app/component/use-cases/index.ts\u001b[0m:\u001b[93m10\u001b[0m:\u001b[93m47\u001b[0m - \u001b[91merror\u001b[0m\u001b[90m TS18004: \u001b[0mNo value exists in scope for the shorthand property 'writeFile'. Either declare one or provide an initializer.\n\n\u001b[7m10\u001b[0m     await createPost({ logger, access, mkdir, writeFile}).post({ params, filePath, fileDir});\n\u001b[7m  \u001b[0m \u001b[91m                                              ~~~~~~~~~\u001b[0m\n\n    at createTSError (/Users/theonorris/authentication-ms/node_modules/ts-node/src/index.ts:859:12)\n    at reportTSError (/Users/theonorris/authentication-ms/node_modules/ts-node/src/index.ts:863:19)\n    at getOutput (/Users/theonorris/authentication-ms/node_modules/ts-node/src/index.ts:1077:36)\n    at Object.compile (/Users/theonorris/authentication-ms/node_modules/ts-node/src/index.ts:1433:41)\n    at Module.m._compile (/Users/theonorris/authentication-ms/node_modules/ts-node/src/index.ts:1617:30)\n    at Module._extensions..js (node:internal/modules/cjs/loader:1310:10)\n    at Object.require.extensions.<computed> [as .ts] (/Users/theonorris/authentication-ms/node_modules/ts-node/src/index.ts:1621:12)\n    at Module.load (node:internal/modules/cjs/loader:1119:32)\n    at Function.Module._load (node:internal/modules/cjs/loader:960:12)\n    at Module.require (node:internal/modules/cjs/loader:1143:19)","timestamp":"2023-10-17 12:45:50","trace":[{"column":12,"file":"/Users/theonorris/authentication-ms/node_modules/ts-node/src/index.ts","function":"createTSError","line":859,"method":null,"native":false},{"column":19,"file":"/Users/theonorris/authentication-ms/node_modules/ts-node/src/index.ts","function":"reportTSError","line":863,"method":null,"native":false},{"column":36,"file":"/Users/theonorris/authentication-ms/node_modules/ts-node/src/index.ts","function":"getOutput","line":1077,"method":null,"native":false},{"column":41,"file":"/Users/theonorris/authentication-ms/node_modules/ts-node/src/index.ts","function":"Object.compile","line":1433,"method":"compile","native":false},{"column":30,"file":"/Users/theonorris/authentication-ms/node_modules/ts-node/src/index.ts","function":"Module.m._compile","line":1617,"method":"_compile","native":false},{"column":10,"file":"node:internal/modules/cjs/loader","function":"Module._extensions..js","line":1310,"method":".js","native":false},{"column":12,"file":"/Users/theonorris/authentication-ms/node_modules/ts-node/src/index.ts","function":"Object.require.extensions.<computed> [as .ts]","line":1621,"method":"ts]","native":false},{"column":32,"file":"node:internal/modules/cjs/loader","function":"Module.load","line":1119,"method":"load","native":false},{"column":12,"file":"node:internal/modules/cjs/loader","function":"Module._load","line":960,"method":"_load","native":false},{"column":19,"file":"node:internal/modules/cjs/loader","function":"Module.require","line":1143,"method":"require","native":false}]}
{"date":"Tue Oct 17 2023 12:51:40 GMT+0200 (Central European Summer Time)","error":{"diagnosticCodes":[18004,18004,18004]},"exception":true,"level":"error","message":"uncaughtException: ⨯ Unable to compile TypeScript:\n\u001b[96msrc/app/component/use-cases/index.ts\u001b[0m:\u001b[93m10\u001b[0m:\u001b[93m32\u001b[0m - \u001b[91merror\u001b[0m\u001b[90m TS18004: \u001b[0mNo value exists in scope for the shorthand property 'access'. Either declare one or provide an initializer.\n\n\u001b[7m10\u001b[0m     await createPost({ logger, access, mkdir, writeFile}).post({ params, filePath, fileDir});\n\u001b[7m  \u001b[0m \u001b[91m                               ~~~~~~\u001b[0m\n\u001b[96msrc/app/component/use-cases/index.ts\u001b[0m:\u001b[93m10\u001b[0m:\u001b[93m40\u001b[0m - \u001b[91merror\u001b[0m\u001b[90m TS18004: \u001b[0mNo value exists in scope for the shorthand property 'mkdir'. Either declare one or provide an initializer.\n\n\u001b[7m10\u001b[0m     await createPost({ logger, access, mkdir, writeFile}).post({ params, filePath, fileDir});\n\u001b[7m  \u001b[0m \u001b[91m                                       ~~~~~\u001b[0m\n\u001b[96msrc/app/component/use-cases/index.ts\u001b[0m:\u001b[93m10\u001b[0m:\u001b[93m47\u001b[0m - \u001b[91merror\u001b[0m\u001b[90m TS18004: \u001b[0mNo value exists in scope for the shorthand property 'writeFile'. Either declare one or provide an initializer.\n\n\u001b[7m10\u001b[0m     await createPost({ logger, access, mkdir, writeFile}).post({ params, filePath, fileDir});\n\u001b[7m  \u001b[0m \u001b[91m                                              ~~~~~~~~~\u001b[0m\n\nTSError: ⨯ Unable to compile TypeScript:\n\u001b[96msrc/app/component/use-cases/index.ts\u001b[0m:\u001b[93m10\u001b[0m:\u001b[93m32\u001b[0m - \u001b[91merror\u001b[0m\u001b[90m TS18004: \u001b[0mNo value exists in scope for the shorthand property 'access'. Either declare one or provide an initializer.\n\n\u001b[7m10\u001b[0m     await createPost({ logger, access, mkdir, writeFile}).post({ params, filePath, fileDir});\n\u001b[7m  \u001b[0m \u001b[91m                               ~~~~~~\u001b[0m\n\u001b[96msrc/app/component/use-cases/index.ts\u001b[0m:\u001b[93m10\u001b[0m:\u001b[93m40\u001b[0m - \u001b[91merror\u001b[0m\u001b[90m TS18004: \u001b[0mNo value exists in scope for the shorthand property 'mkdir'. Either declare one or provide an initializer.\n\n\u001b[7m10\u001b[0m     await createPost({ logger, access, mkdir, writeFile}).post({ params, filePath, fileDir});\n\u001b[7m  \u001b[0m \u001b[91m                                       ~~~~~\u001b[0m\n\u001b[96msrc/app/component/use-cases/index.ts\u001b[0m:\u001b[93m10\u001b[0m:\u001b[93m47\u001b[0m - \u001b[91merror\u001b[0m\u001b[90m TS18004: \u001b[0mNo value exists in scope for the shorthand property 'writeFile'. Either declare one or provide an initializer.\n\n\u001b[7m10\u001b[0m     await createPost({ logger, access, mkdir, writeFile}).post({ params, filePath, fileDir});\n\u001b[7m  \u001b[0m \u001b[91m                                              ~~~~~~~~~\u001b[0m\n\n    at createTSError (/Users/theonorris/authentication-ms/node_modules/ts-node/src/index.ts:859:12)\n    at reportTSError (/Users/theonorris/authentication-ms/node_modules/ts-node/src/index.ts:863:19)\n    at getOutput (/Users/theonorris/authentication-ms/node_modules/ts-node/src/index.ts:1077:36)\n    at Object.compile (/Users/theonorris/authentication-ms/node_modules/ts-node/src/index.ts:1433:41)\n    at Module.m._compile (/Users/theonorris/authentication-ms/node_modules/ts-node/src/index.ts:1617:30)\n    at Module._extensions..js (node:internal/modules/cjs/loader:1310:10)\n    at Object.require.extensions.<computed> [as .ts] (/Users/theonorris/authentication-ms/node_modules/ts-node/src/index.ts:1621:12)\n    at Module.load (node:internal/modules/cjs/loader:1119:32)\n    at Function.Module._load (node:internal/modules/cjs/loader:960:12)\n    at Module.require (node:internal/modules/cjs/loader:1143:19)","os":{"loadavg":[7.39990234375,7.35888671875,6.79150390625],"uptime":223507},"process":{"argv":["/Users/theonorris/authentication-ms/node_modules/.bin/ts-node","/Users/theonorris/authentication-ms/src/app/index.ts"],"cwd":"/Users/theonorris/authentication-ms","execPath":"/Users/theonorris/.nvm/versions/node/v18.18.2/bin/node","gid":20,"memoryUsage":{"arrayBuffers":1821430,"external":4146481,"heapTotal":140144640,"heapUsed":108226832,"rss":187305984},"pid":41618,"uid":501,"version":"v18.18.2"},"service":"Authentication Micro Services","stack":"TSError: ⨯ Unable to compile TypeScript:\n\u001b[96msrc/app/component/use-cases/index.ts\u001b[0m:\u001b[93m10\u001b[0m:\u001b[93m32\u001b[0m - \u001b[91merror\u001b[0m\u001b[90m TS18004: \u001b[0mNo value exists in scope for the shorthand property 'access'. Either declare one or provide an initializer.\n\n\u001b[7m10\u001b[0m     await createPost({ logger, access, mkdir, writeFile}).post({ params, filePath, fileDir});\n\u001b[7m  \u001b[0m \u001b[91m                               ~~~~~~\u001b[0m\n\u001b[96msrc/app/component/use-cases/index.ts\u001b[0m:\u001b[93m10\u001b[0m:\u001b[93m40\u001b[0m - \u001b[91merror\u001b[0m\u001b[90m TS18004: \u001b[0mNo value exists in scope for the shorthand property 'mkdir'. Either declare one or provide an initializer.\n\n\u001b[7m10\u001b[0m     await createPost({ logger, access, mkdir, writeFile}).post({ params, filePath, fileDir});\n\u001b[7m  \u001b[0m \u001b[91m                                       ~~~~~\u001b[0m\n\u001b[96msrc/app/component/use-cases/index.ts\u001b[0m:\u001b[93m10\u001b[0m:\u001b[93m47\u001b[0m - \u001b[91merror\u001b[0m\u001b[90m TS18004: \u001b[0mNo value exists in scope for the shorthand property 'writeFile'. Either declare one or provide an initializer.\n\n\u001b[7m10\u001b[0m     await createPost({ logger, access, mkdir, writeFile}).post({ params, filePath, fileDir});\n\u001b[7m  \u001b[0m \u001b[91m                                              ~~~~~~~~~\u001b[0m\n\n    at createTSError (/Users/theonorris/authentication-ms/node_modules/ts-node/src/index.ts:859:12)\n    at reportTSError (/Users/theonorris/authentication-ms/node_modules/ts-node/src/index.ts:863:19)\n    at getOutput (/Users/theonorris/authentication-ms/node_modules/ts-node/src/index.ts:1077:36)\n    at Object.compile (/Users/theonorris/authentication-ms/node_modules/ts-node/src/index.ts:1433:41)\n    at Module.m._compile (/Users/theonorris/authentication-ms/node_modules/ts-node/src/index.ts:1617:30)\n    at Module._extensions..js (node:internal/modules/cjs/loader:1310:10)\n    at Object.require.extensions.<computed> [as .ts] (/Users/theonorris/authentication-ms/node_modules/ts-node/src/index.ts:1621:12)\n    at Module.load (node:internal/modules/cjs/loader:1119:32)\n    at Function.Module._load (node:internal/modules/cjs/loader:960:12)\n    at Module.require (node:internal/modules/cjs/loader:1143:19)","timestamp":"2023-10-17 12:51:40","trace":[{"column":12,"file":"/Users/theonorris/authentication-ms/node_modules/ts-node/src/index.ts","function":"createTSError","line":859,"method":null,"native":false},{"column":19,"file":"/Users/theonorris/authentication-ms/node_modules/ts-node/src/index.ts","function":"reportTSError","line":863,"method":null,"native":false},{"column":36,"file":"/Users/theonorris/authentication-ms/node_modules/ts-node/src/index.ts","function":"getOutput","line":1077,"method":null,"native":false},{"column":41,"file":"/Users/theonorris/authentication-ms/node_modules/ts-node/src/index.ts","function":"Object.compile","line":1433,"method":"compile","native":false},{"column":30,"file":"/Users/theonorris/authentication-ms/node_modules/ts-node/src/index.ts","function":"Module.m._compile","line":1617,"method":"_compile","native":false},{"column":10,"file":"node:internal/modules/cjs/loader","function":"Module._extensions..js","line":1310,"method":".js","native":false},{"column":12,"file":"/Users/theonorris/authentication-ms/node_modules/ts-node/src/index.ts","function":"Object.require.extensions.<computed> [as .ts]","line":1621,"method":"ts]","native":false},{"column":32,"file":"node:internal/modules/cjs/loader","function":"Module.load","line":1119,"method":"load","native":false},{"column":12,"file":"node:internal/modules/cjs/loader","function":"Module._load","line":960,"method":"_load","native":false},{"column":19,"file":"node:internal/modules/cjs/loader","function":"Module.require","line":1143,"method":"require","native":false}]}
{"date":"Tue Oct 17 2023 12:53:41 GMT+0200 (Central European Summer Time)","error":{"diagnosticCodes":[18004,18004,18004]},"exception":true,"level":"error","message":"uncaughtException: ⨯ Unable to compile TypeScript:\n\u001b[96msrc/app/component/use-cases/index.ts\u001b[0m:\u001b[93m10\u001b[0m:\u001b[93m32\u001b[0m - \u001b[91merror\u001b[0m\u001b[90m TS18004: \u001b[0mNo value exists in scope for the shorthand property 'access'. Either declare one or provide an initializer.\n\n\u001b[7m10\u001b[0m     await createPost({ logger, access, mkdir, writeFile}).post({ params, filePath, fileDir});\n\u001b[7m  \u001b[0m \u001b[91m                               ~~~~~~\u001b[0m\n\u001b[96msrc/app/component/use-cases/index.ts\u001b[0m:\u001b[93m10\u001b[0m:\u001b[93m40\u001b[0m - \u001b[91merror\u001b[0m\u001b[90m TS18004: \u001b[0mNo value exists in scope for the shorthand property 'mkdir'. Either declare one or provide an initializer.\n\n\u001b[7m10\u001b[0m     await createPost({ logger, access, mkdir, writeFile}).post({ params, filePath, fileDir});\n\u001b[7m  \u001b[0m \u001b[91m                                       ~~~~~\u001b[0m\n\u001b[96msrc/app/component/use-cases/index.ts\u001b[0m:\u001b[93m10\u001b[0m:\u001b[93m47\u001b[0m - \u001b[91merror\u001b[0m\u001b[90m TS18004: \u001b[0mNo value exists in scope for the shorthand property 'writeFile'. Either declare one or provide an initializer.\n\n\u001b[7m10\u001b[0m     await createPost({ logger, access, mkdir, writeFile}).post({ params, filePath, fileDir});\n\u001b[7m  \u001b[0m \u001b[91m                                              ~~~~~~~~~\u001b[0m\n\nTSError: ⨯ Unable to compile TypeScript:\n\u001b[96msrc/app/component/use-cases/index.ts\u001b[0m:\u001b[93m10\u001b[0m:\u001b[93m32\u001b[0m - \u001b[91merror\u001b[0m\u001b[90m TS18004: \u001b[0mNo value exists in scope for the shorthand property 'access'. Either declare one or provide an initializer.\n\n\u001b[7m10\u001b[0m     await createPost({ logger, access, mkdir, writeFile}).post({ params, filePath, fileDir});\n\u001b[7m  \u001b[0m \u001b[91m                               ~~~~~~\u001b[0m\n\u001b[96msrc/app/component/use-cases/index.ts\u001b[0m:\u001b[93m10\u001b[0m:\u001b[93m40\u001b[0m - \u001b[91merror\u001b[0m\u001b[90m TS18004: \u001b[0mNo value exists in scope for the shorthand property 'mkdir'. Either declare one or provide an initializer.\n\n\u001b[7m10\u001b[0m     await createPost({ logger, access, mkdir, writeFile}).post({ params, filePath, fileDir});\n\u001b[7m  \u001b[0m \u001b[91m                                       ~~~~~\u001b[0m\n\u001b[96msrc/app/component/use-cases/index.ts\u001b[0m:\u001b[93m10\u001b[0m:\u001b[93m47\u001b[0m - \u001b[91merror\u001b[0m\u001b[90m TS18004: \u001b[0mNo value exists in scope for the shorthand property 'writeFile'. Either declare one or provide an initializer.\n\n\u001b[7m10\u001b[0m     await createPost({ logger, access, mkdir, writeFile}).post({ params, filePath, fileDir});\n\u001b[7m  \u001b[0m \u001b[91m                                              ~~~~~~~~~\u001b[0m\n\n    at createTSError (/Users/theonorris/authentication-ms/node_modules/ts-node/src/index.ts:859:12)\n    at reportTSError (/Users/theonorris/authentication-ms/node_modules/ts-node/src/index.ts:863:19)\n    at getOutput (/Users/theonorris/authentication-ms/node_modules/ts-node/src/index.ts:1077:36)\n    at Object.compile (/Users/theonorris/authentication-ms/node_modules/ts-node/src/index.ts:1433:41)\n    at Module.m._compile (/Users/theonorris/authentication-ms/node_modules/ts-node/src/index.ts:1617:30)\n    at Module._extensions..js (node:internal/modules/cjs/loader:1310:10)\n    at Object.require.extensions.<computed> [as .ts] (/Users/theonorris/authentication-ms/node_modules/ts-node/src/index.ts:1621:12)\n    at Module.load (node:internal/modules/cjs/loader:1119:32)\n    at Function.Module._load (node:internal/modules/cjs/loader:960:12)\n    at Module.require (node:internal/modules/cjs/loader:1143:19)","os":{"loadavg":[7.943359375,7.39697265625,6.861328125],"uptime":223628},"process":{"argv":["/Users/theonorris/authentication-ms/node_modules/.bin/ts-node","/Users/theonorris/authentication-ms/src/app/index.ts"],"cwd":"/Users/theonorris/authentication-ms","execPath":"/Users/theonorris/.nvm/versions/node/v18.18.2/bin/node","gid":20,"memoryUsage":{"arrayBuffers":1988537,"external":3399905,"heapTotal":139882496,"heapUsed":108380472,"rss":185311232},"pid":41665,"uid":501,"version":"v18.18.2"},"service":"Authentication Micro Services","stack":"TSError: ⨯ Unable to compile TypeScript:\n\u001b[96msrc/app/component/use-cases/index.ts\u001b[0m:\u001b[93m10\u001b[0m:\u001b[93m32\u001b[0m - \u001b[91merror\u001b[0m\u001b[90m TS18004: \u001b[0mNo value exists in scope for the shorthand property 'access'. Either declare one or provide an initializer.\n\n\u001b[7m10\u001b[0m     await createPost({ logger, access, mkdir, writeFile}).post({ params, filePath, fileDir});\n\u001b[7m  \u001b[0m \u001b[91m                               ~~~~~~\u001b[0m\n\u001b[96msrc/app/component/use-cases/index.ts\u001b[0m:\u001b[93m10\u001b[0m:\u001b[93m40\u001b[0m - \u001b[91merror\u001b[0m\u001b[90m TS18004: \u001b[0mNo value exists in scope for the shorthand property 'mkdir'. Either declare one or provide an initializer.\n\n\u001b[7m10\u001b[0m     await createPost({ logger, access, mkdir, writeFile}).post({ params, filePath, fileDir});\n\u001b[7m  \u001b[0m \u001b[91m                                       ~~~~~\u001b[0m\n\u001b[96msrc/app/component/use-cases/index.ts\u001b[0m:\u001b[93m10\u001b[0m:\u001b[93m47\u001b[0m - \u001b[91merror\u001b[0m\u001b[90m TS18004: \u001b[0mNo value exists in scope for the shorthand property 'writeFile'. Either declare one or provide an initializer.\n\n\u001b[7m10\u001b[0m     await createPost({ logger, access, mkdir, writeFile}).post({ params, filePath, fileDir});\n\u001b[7m  \u001b[0m \u001b[91m                                              ~~~~~~~~~\u001b[0m\n\n    at createTSError (/Users/theonorris/authentication-ms/node_modules/ts-node/src/index.ts:859:12)\n    at reportTSError (/Users/theonorris/authentication-ms/node_modules/ts-node/src/index.ts:863:19)\n    at getOutput (/Users/theonorris/authentication-ms/node_modules/ts-node/src/index.ts:1077:36)\n    at Object.compile (/Users/theonorris/authentication-ms/node_modules/ts-node/src/index.ts:1433:41)\n    at Module.m._compile (/Users/theonorris/authentication-ms/node_modules/ts-node/src/index.ts:1617:30)\n    at Module._extensions..js (node:internal/modules/cjs/loader:1310:10)\n    at Object.require.extensions.<computed> [as .ts] (/Users/theonorris/authentication-ms/node_modules/ts-node/src/index.ts:1621:12)\n    at Module.load (node:internal/modules/cjs/loader:1119:32)\n    at Function.Module._load (node:internal/modules/cjs/loader:960:12)\n    at Module.require (node:internal/modules/cjs/loader:1143:19)","timestamp":"2023-10-17 12:53:41","trace":[{"column":12,"file":"/Users/theonorris/authentication-ms/node_modules/ts-node/src/index.ts","function":"createTSError","line":859,"method":null,"native":false},{"column":19,"file":"/Users/theonorris/authentication-ms/node_modules/ts-node/src/index.ts","function":"reportTSError","line":863,"method":null,"native":false},{"column":36,"file":"/Users/theonorris/authentication-ms/node_modules/ts-node/src/index.ts","function":"getOutput","line":1077,"method":null,"native":false},{"column":41,"file":"/Users/theonorris/authentication-ms/node_modules/ts-node/src/index.ts","function":"Object.compile","line":1433,"method":"compile","native":false},{"column":30,"file":"/Users/theonorris/authentication-ms/node_modules/ts-node/src/index.ts","function":"Module.m._compile","line":1617,"method":"_compile","native":false},{"column":10,"file":"node:internal/modules/cjs/loader","function":"Module._extensions..js","line":1310,"method":".js","native":false},{"column":12,"file":"/Users/theonorris/authentication-ms/node_modules/ts-node/src/index.ts","function":"Object.require.extensions.<computed> [as .ts]","line":1621,"method":"ts]","native":false},{"column":32,"file":"node:internal/modules/cjs/loader","function":"Module.load","line":1119,"method":"load","native":false},{"column":12,"file":"node:internal/modules/cjs/loader","function":"Module._load","line":960,"method":"_load","native":false},{"column":19,"file":"node:internal/modules/cjs/loader","function":"Module.require","line":1143,"method":"require","native":false}]}
{"date":"Tue Oct 17 2023 12:54:03 GMT+0200 (Central European Summer Time)","error":{"diagnosticCodes":[18004,18004,18004]},"exception":true,"level":"error","message":"uncaughtException: ⨯ Unable to compile TypeScript:\n\u001b[96msrc/app/component/use-cases/index.ts\u001b[0m:\u001b[93m10\u001b[0m:\u001b[93m32\u001b[0m - \u001b[91merror\u001b[0m\u001b[90m TS18004: \u001b[0mNo value exists in scope for the shorthand property 'access'. Either declare one or provide an initializer.\n\n\u001b[7m10\u001b[0m     await createPost({ logger, access, mkdir, writeFile}).post({ params, filePath, fileDir});\n\u001b[7m  \u001b[0m \u001b[91m                               ~~~~~~\u001b[0m\n\u001b[96msrc/app/component/use-cases/index.ts\u001b[0m:\u001b[93m10\u001b[0m:\u001b[93m40\u001b[0m - \u001b[91merror\u001b[0m\u001b[90m TS18004: \u001b[0mNo value exists in scope for the shorthand property 'mkdir'. Either declare one or provide an initializer.\n\n\u001b[7m10\u001b[0m     await createPost({ logger, access, mkdir, writeFile}).post({ params, filePath, fileDir});\n\u001b[7m  \u001b[0m \u001b[91m                                       ~~~~~\u001b[0m\n\u001b[96msrc/app/component/use-cases/index.ts\u001b[0m:\u001b[93m10\u001b[0m:\u001b[93m47\u001b[0m - \u001b[91merror\u001b[0m\u001b[90m TS18004: \u001b[0mNo value exists in scope for the shorthand property 'writeFile'. Either declare one or provide an initializer.\n\n\u001b[7m10\u001b[0m     await createPost({ logger, access, mkdir, writeFile}).post({ params, filePath, fileDir});\n\u001b[7m  \u001b[0m \u001b[91m                                              ~~~~~~~~~\u001b[0m\n\nTSError: ⨯ Unable to compile TypeScript:\n\u001b[96msrc/app/component/use-cases/index.ts\u001b[0m:\u001b[93m10\u001b[0m:\u001b[93m32\u001b[0m - \u001b[91merror\u001b[0m\u001b[90m TS18004: \u001b[0mNo value exists in scope for the shorthand property 'access'. Either declare one or provide an initializer.\n\n\u001b[7m10\u001b[0m     await createPost({ logger, access, mkdir, writeFile}).post({ params, filePath, fileDir});\n\u001b[7m  \u001b[0m \u001b[91m                               ~~~~~~\u001b[0m\n\u001b[96msrc/app/component/use-cases/index.ts\u001b[0m:\u001b[93m10\u001b[0m:\u001b[93m40\u001b[0m - \u001b[91merror\u001b[0m\u001b[90m TS18004: \u001b[0mNo value exists in scope for the shorthand property 'mkdir'. Either declare one or provide an initializer.\n\n\u001b[7m10\u001b[0m     await createPost({ logger, access, mkdir, writeFile}).post({ params, filePath, fileDir});\n\u001b[7m  \u001b[0m \u001b[91m                                       ~~~~~\u001b[0m\n\u001b[96msrc/app/component/use-cases/index.ts\u001b[0m:\u001b[93m10\u001b[0m:\u001b[93m47\u001b[0m - \u001b[91merror\u001b[0m\u001b[90m TS18004: \u001b[0mNo value exists in scope for the shorthand property 'writeFile'. Either declare one or provide an initializer.\n\n\u001b[7m10\u001b[0m     await createPost({ logger, access, mkdir, writeFile}).post({ params, filePath, fileDir});\n\u001b[7m  \u001b[0m \u001b[91m                                              ~~~~~~~~~\u001b[0m\n\n    at createTSError (/Users/theonorris/authentication-ms/node_modules/ts-node/src/index.ts:859:12)\n    at reportTSError (/Users/theonorris/authentication-ms/node_modules/ts-node/src/index.ts:863:19)\n    at getOutput (/Users/theonorris/authentication-ms/node_modules/ts-node/src/index.ts:1077:36)\n    at Object.compile (/Users/theonorris/authentication-ms/node_modules/ts-node/src/index.ts:1433:41)\n    at Module.m._compile (/Users/theonorris/authentication-ms/node_modules/ts-node/src/index.ts:1617:30)\n    at Module._extensions..js (node:internal/modules/cjs/loader:1310:10)\n    at Object.require.extensions.<computed> [as .ts] (/Users/theonorris/authentication-ms/node_modules/ts-node/src/index.ts:1621:12)\n    at Module.load (node:internal/modules/cjs/loader:1119:32)\n    at Function.Module._load (node:internal/modules/cjs/loader:960:12)\n    at Module.require (node:internal/modules/cjs/loader:1143:19)","os":{"loadavg":[6.74853515625,7.1728515625,6.79345703125],"uptime":223650},"process":{"argv":["/Users/theonorris/authentication-ms/node_modules/.bin/ts-node","/Users/theonorris/authentication-ms/src/app/index.ts"],"cwd":"/Users/theonorris/authentication-ms","execPath":"/Users/theonorris/.nvm/versions/node/v18.18.2/bin/node","gid":20,"memoryUsage":{"arrayBuffers":2031113,"external":3442481,"heapTotal":139620352,"heapUsed":108677424,"rss":187555840},"pid":41701,"uid":501,"version":"v18.18.2"},"service":"Authentication Micro Services","stack":"TSError: ⨯ Unable to compile TypeScript:\n\u001b[96msrc/app/component/use-cases/index.ts\u001b[0m:\u001b[93m10\u001b[0m:\u001b[93m32\u001b[0m - \u001b[91merror\u001b[0m\u001b[90m TS18004: \u001b[0mNo value exists in scope for the shorthand property 'access'. Either declare one or provide an initializer.\n\n\u001b[7m10\u001b[0m     await createPost({ logger, access, mkdir, writeFile}).post({ params, filePath, fileDir});\n\u001b[7m  \u001b[0m \u001b[91m                               ~~~~~~\u001b[0m\n\u001b[96msrc/app/component/use-cases/index.ts\u001b[0m:\u001b[93m10\u001b[0m:\u001b[93m40\u001b[0m - \u001b[91merror\u001b[0m\u001b[90m TS18004: \u001b[0mNo value exists in scope for the shorthand property 'mkdir'. Either declare one or provide an initializer.\n\n\u001b[7m10\u001b[0m     await createPost({ logger, access, mkdir, writeFile}).post({ params, filePath, fileDir});\n\u001b[7m  \u001b[0m \u001b[91m                                       ~~~~~\u001b[0m\n\u001b[96msrc/app/component/use-cases/index.ts\u001b[0m:\u001b[93m10\u001b[0m:\u001b[93m47\u001b[0m - \u001b[91merror\u001b[0m\u001b[90m TS18004: \u001b[0mNo value exists in scope for the shorthand property 'writeFile'. Either declare one or provide an initializer.\n\n\u001b[7m10\u001b[0m     await createPost({ logger, access, mkdir, writeFile}).post({ params, filePath, fileDir});\n\u001b[7m  \u001b[0m \u001b[91m                                              ~~~~~~~~~\u001b[0m\n\n    at createTSError (/Users/theonorris/authentication-ms/node_modules/ts-node/src/index.ts:859:12)\n    at reportTSError (/Users/theonorris/authentication-ms/node_modules/ts-node/src/index.ts:863:19)\n    at getOutput (/Users/theonorris/authentication-ms/node_modules/ts-node/src/index.ts:1077:36)\n    at Object.compile (/Users/theonorris/authentication-ms/node_modules/ts-node/src/index.ts:1433:41)\n    at Module.m._compile (/Users/theonorris/authentication-ms/node_modules/ts-node/src/index.ts:1617:30)\n    at Module._extensions..js (node:internal/modules/cjs/loader:1310:10)\n    at Object.require.extensions.<computed> [as .ts] (/Users/theonorris/authentication-ms/node_modules/ts-node/src/index.ts:1621:12)\n    at Module.load (node:internal/modules/cjs/loader:1119:32)\n    at Function.Module._load (node:internal/modules/cjs/loader:960:12)\n    at Module.require (node:internal/modules/cjs/loader:1143:19)","timestamp":"2023-10-17 12:54:03","trace":[{"column":12,"file":"/Users/theonorris/authentication-ms/node_modules/ts-node/src/index.ts","function":"createTSError","line":859,"method":null,"native":false},{"column":19,"file":"/Users/theonorris/authentication-ms/node_modules/ts-node/src/index.ts","function":"reportTSError","line":863,"method":null,"native":false},{"column":36,"file":"/Users/theonorris/authentication-ms/node_modules/ts-node/src/index.ts","function":"getOutput","line":1077,"method":null,"native":false},{"column":41,"file":"/Users/theonorris/authentication-ms/node_modules/ts-node/src/index.ts","function":"Object.compile","line":1433,"method":"compile","native":false},{"column":30,"file":"/Users/theonorris/authentication-ms/node_modules/ts-node/src/index.ts","function":"Module.m._compile","line":1617,"method":"_compile","native":false},{"column":10,"file":"node:internal/modules/cjs/loader","function":"Module._extensions..js","line":1310,"method":".js","native":false},{"column":12,"file":"/Users/theonorris/authentication-ms/node_modules/ts-node/src/index.ts","function":"Object.require.extensions.<computed> [as .ts]","line":1621,"method":"ts]","native":false},{"column":32,"file":"node:internal/modules/cjs/loader","function":"Module.load","line":1119,"method":"load","native":false},{"column":12,"file":"node:internal/modules/cjs/loader","function":"Module._load","line":960,"method":"_load","native":false},{"column":19,"file":"node:internal/modules/cjs/loader","function":"Module.require","line":1143,"method":"require","native":false}]}
{"level":"error","message":"[Authentication Micro Services] caught exception: app[route.method] is not a function","service":"Authentication Micro Services","timestamp":"2023-10-17 13:06:38"}
{"date":"Thu Oct 19 2023 11:14:29 GMT+0200 (Central European Summer Time)","error":{"diagnosticCodes":[2307,2345,2345]},"exception":true,"level":"error","message":"uncaughtException: ⨯ Unable to compile TypeScript:\n\u001b[96msrc/app/component/use-cases/index.ts\u001b[0m:\u001b[93m3\u001b[0m:\u001b[93m23\u001b[0m - \u001b[91merror\u001b[0m\u001b[90m TS2307: \u001b[0mCannot find module './get' or its corresponding type declarations.\n\n\u001b[7m3\u001b[0m import createGet from \"./get\";\n\u001b[7m \u001b[0m \u001b[91m                      ~~~~~~~\u001b[0m\n\u001b[96msrc/app/component/use-cases/index.ts\u001b[0m:\u001b[93m14\u001b[0m:\u001b[93m42\u001b[0m - \u001b[91merror\u001b[0m\u001b[90m TS2345: \u001b[0mArgument of type '{ access: (path: PathLike, mode?: number) => Promise<void>; mkdir: { (path: PathLike, options: MakeDirectoryOptions & { recursive: true; }): Promise<...>; (path: PathLike, options?: Mode | (MakeDirectoryOptions & { ...; })): Promise<...>; (path: PathLike, options?: MakeDirectoryOptions | Mode): Promise<...>; }; writ...' is not assignable to parameter of type '{ logger: any; access: any; mkdir: any; writeFile: any; }'.\n  Object literal may only specify known properties, and 'readFile' does not exist in type '{ logger: any; access: any; mkdir: any; writeFile: any; }'.\n\n\u001b[7m14\u001b[0m   createPost({ access, mkdir, writeFile, readFile, logger }).post({\n\u001b[7m  \u001b[0m \u001b[91m                                         ~~~~~~~~\u001b[0m\n\u001b[96msrc/app/component/use-cases/index.ts\u001b[0m:\u001b[93m16\u001b[0m:\u001b[93m5\u001b[0m - \u001b[91merror\u001b[0m\u001b[90m TS2345: \u001b[0mArgument of type '{ params: any; filename: string; filePath: string; fileDirPath: string; fileDirName: string; errorMsgs: { post: { NO_DATA: string; EXISTING_USER: string; }; }; }' is not assignable to parameter of type '{ params: any; fileDir: any; filePath: any; }'.\n  Object literal may only specify known properties, and 'filename' does not exist in type '{ params: any; fileDir: any; filePath: any; }'.\n\n\u001b[7m16\u001b[0m     filename,\n\u001b[7m  \u001b[0m \u001b[91m    ~~~~~~~~\u001b[0m\n\nTSError: ⨯ Unable to compile TypeScript:\n\u001b[96msrc/app/component/use-cases/index.ts\u001b[0m:\u001b[93m3\u001b[0m:\u001b[93m23\u001b[0m - \u001b[91merror\u001b[0m\u001b[90m TS2307: \u001b[0mCannot find module './get' or its corresponding type declarations.\n\n\u001b[7m3\u001b[0m import createGet from \"./get\";\n\u001b[7m \u001b[0m \u001b[91m                      ~~~~~~~\u001b[0m\n\u001b[96msrc/app/component/use-cases/index.ts\u001b[0m:\u001b[93m14\u001b[0m:\u001b[93m42\u001b[0m - \u001b[91merror\u001b[0m\u001b[90m TS2345: \u001b[0mArgument of type '{ access: (path: PathLike, mode?: number) => Promise<void>; mkdir: { (path: PathLike, options: MakeDirectoryOptions & { recursive: true; }): Promise<...>; (path: PathLike, options?: Mode | (MakeDirectoryOptions & { ...; })): Promise<...>; (path: PathLike, options?: MakeDirectoryOptions | Mode): Promise<...>; }; writ...' is not assignable to parameter of type '{ logger: any; access: any; mkdir: any; writeFile: any; }'.\n  Object literal may only specify known properties, and 'readFile' does not exist in type '{ logger: any; access: any; mkdir: any; writeFile: any; }'.\n\n\u001b[7m14\u001b[0m   createPost({ access, mkdir, writeFile, readFile, logger }).post({\n\u001b[7m  \u001b[0m \u001b[91m                                         ~~~~~~~~\u001b[0m\n\u001b[96msrc/app/component/use-cases/index.ts\u001b[0m:\u001b[93m16\u001b[0m:\u001b[93m5\u001b[0m - \u001b[91merror\u001b[0m\u001b[90m TS2345: \u001b[0mArgument of type '{ params: any; filename: string; filePath: string; fileDirPath: string; fileDirName: string; errorMsgs: { post: { NO_DATA: string; EXISTING_USER: string; }; }; }' is not assignable to parameter of type '{ params: any; fileDir: any; filePath: any; }'.\n  Object literal may only specify known properties, and 'filename' does not exist in type '{ params: any; fileDir: any; filePath: any; }'.\n\n\u001b[7m16\u001b[0m     filename,\n\u001b[7m  \u001b[0m \u001b[91m    ~~~~~~~~\u001b[0m\n\n    at createTSError (/Users/theonorris/authentication-ms/node_modules/ts-node/src/index.ts:859:12)\n    at reportTSError (/Users/theonorris/authentication-ms/node_modules/ts-node/src/index.ts:863:19)\n    at getOutput (/Users/theonorris/authentication-ms/node_modules/ts-node/src/index.ts:1077:36)\n    at Object.compile (/Users/theonorris/authentication-ms/node_modules/ts-node/src/index.ts:1433:41)\n    at Module.m._compile (/Users/theonorris/authentication-ms/node_modules/ts-node/src/index.ts:1617:30)\n    at Module._extensions..js (node:internal/modules/cjs/loader:1310:10)\n    at Object.require.extensions.<computed> [as .ts] (/Users/theonorris/authentication-ms/node_modules/ts-node/src/index.ts:1621:12)\n    at Module.load (node:internal/modules/cjs/loader:1119:32)\n    at Function.Module._load (node:internal/modules/cjs/loader:960:12)\n    at Module.require (node:internal/modules/cjs/loader:1143:19)","os":{"loadavg":[21.669921875,16.2109375,14.85302734375],"uptime":390470},"process":{"argv":["/Users/theonorris/authentication-ms/node_modules/.bin/ts-node","/Users/theonorris/authentication-ms/src/app/index.ts"],"cwd":"/Users/theonorris/authentication-ms","execPath":"/Users/theonorris/.nvm/versions/node/v18.18.2/bin/node","gid":20,"memoryUsage":{"arrayBuffers":2381633,"external":3793001,"heapTotal":140406784,"heapUsed":115958632,"rss":189239296},"pid":65462,"uid":501,"version":"v18.18.2"},"service":"Authentication Micro Services","stack":"TSError: ⨯ Unable to compile TypeScript:\n\u001b[96msrc/app/component/use-cases/index.ts\u001b[0m:\u001b[93m3\u001b[0m:\u001b[93m23\u001b[0m - \u001b[91merror\u001b[0m\u001b[90m TS2307: \u001b[0mCannot find module './get' or its corresponding type declarations.\n\n\u001b[7m3\u001b[0m import createGet from \"./get\";\n\u001b[7m \u001b[0m \u001b[91m                      ~~~~~~~\u001b[0m\n\u001b[96msrc/app/component/use-cases/index.ts\u001b[0m:\u001b[93m14\u001b[0m:\u001b[93m42\u001b[0m - \u001b[91merror\u001b[0m\u001b[90m TS2345: \u001b[0mArgument of type '{ access: (path: PathLike, mode?: number) => Promise<void>; mkdir: { (path: PathLike, options: MakeDirectoryOptions & { recursive: true; }): Promise<...>; (path: PathLike, options?: Mode | (MakeDirectoryOptions & { ...; })): Promise<...>; (path: PathLike, options?: MakeDirectoryOptions | Mode): Promise<...>; }; writ...' is not assignable to parameter of type '{ logger: any; access: any; mkdir: any; writeFile: any; }'.\n  Object literal may only specify known properties, and 'readFile' does not exist in type '{ logger: any; access: any; mkdir: any; writeFile: any; }'.\n\n\u001b[7m14\u001b[0m   createPost({ access, mkdir, writeFile, readFile, logger }).post({\n\u001b[7m  \u001b[0m \u001b[91m                                         ~~~~~~~~\u001b[0m\n\u001b[96msrc/app/component/use-cases/index.ts\u001b[0m:\u001b[93m16\u001b[0m:\u001b[93m5\u001b[0m - \u001b[91merror\u001b[0m\u001b[90m TS2345: \u001b[0mArgument of type '{ params: any; filename: string; filePath: string; fileDirPath: string; fileDirName: string; errorMsgs: { post: { NO_DATA: string; EXISTING_USER: string; }; }; }' is not assignable to parameter of type '{ params: any; fileDir: any; filePath: any; }'.\n  Object literal may only specify known properties, and 'filename' does not exist in type '{ params: any; fileDir: any; filePath: any; }'.\n\n\u001b[7m16\u001b[0m     filename,\n\u001b[7m  \u001b[0m \u001b[91m    ~~~~~~~~\u001b[0m\n\n    at createTSError (/Users/theonorris/authentication-ms/node_modules/ts-node/src/index.ts:859:12)\n    at reportTSError (/Users/theonorris/authentication-ms/node_modules/ts-node/src/index.ts:863:19)\n    at getOutput (/Users/theonorris/authentication-ms/node_modules/ts-node/src/index.ts:1077:36)\n    at Object.compile (/Users/theonorris/authentication-ms/node_modules/ts-node/src/index.ts:1433:41)\n    at Module.m._compile (/Users/theonorris/authentication-ms/node_modules/ts-node/src/index.ts:1617:30)\n    at Module._extensions..js (node:internal/modules/cjs/loader:1310:10)\n    at Object.require.extensions.<computed> [as .ts] (/Users/theonorris/authentication-ms/node_modules/ts-node/src/index.ts:1621:12)\n    at Module.load (node:internal/modules/cjs/loader:1119:32)\n    at Function.Module._load (node:internal/modules/cjs/loader:960:12)\n    at Module.require (node:internal/modules/cjs/loader:1143:19)","timestamp":"2023-10-19 11:14:29","trace":[{"column":12,"file":"/Users/theonorris/authentication-ms/node_modules/ts-node/src/index.ts","function":"createTSError","line":859,"method":null,"native":false},{"column":19,"file":"/Users/theonorris/authentication-ms/node_modules/ts-node/src/index.ts","function":"reportTSError","line":863,"method":null,"native":false},{"column":36,"file":"/Users/theonorris/authentication-ms/node_modules/ts-node/src/index.ts","function":"getOutput","line":1077,"method":null,"native":false},{"column":41,"file":"/Users/theonorris/authentication-ms/node_modules/ts-node/src/index.ts","function":"Object.compile","line":1433,"method":"compile","native":false},{"column":30,"file":"/Users/theonorris/authentication-ms/node_modules/ts-node/src/index.ts","function":"Module.m._compile","line":1617,"method":"_compile","native":false},{"column":10,"file":"node:internal/modules/cjs/loader","function":"Module._extensions..js","line":1310,"method":".js","native":false},{"column":12,"file":"/Users/theonorris/authentication-ms/node_modules/ts-node/src/index.ts","function":"Object.require.extensions.<computed> [as .ts]","line":1621,"method":"ts]","native":false},{"column":32,"file":"node:internal/modules/cjs/loader","function":"Module.load","line":1119,"method":"load","native":false},{"column":12,"file":"node:internal/modules/cjs/loader","function":"Module._load","line":960,"method":"_load","native":false},{"column":19,"file":"node:internal/modules/cjs/loader","function":"Module.require","line":1143,"method":"require","native":false}]}
{"date":"Thu Oct 19 2023 11:20:10 GMT+0200 (Central European Summer Time)","error":{"diagnosticCodes":[2307,2345,2345]},"exception":true,"level":"error","message":"uncaughtException: ⨯ Unable to compile TypeScript:\n\u001b[96msrc/app/component/use-cases/index.ts\u001b[0m:\u001b[93m3\u001b[0m:\u001b[93m23\u001b[0m - \u001b[91merror\u001b[0m\u001b[90m TS2307: \u001b[0mCannot find module './get' or its corresponding type declarations.\n\n\u001b[7m3\u001b[0m import createGet from \"./get\";\n\u001b[7m \u001b[0m \u001b[91m                      ~~~~~~~\u001b[0m\n\u001b[96msrc/app/component/use-cases/index.ts\u001b[0m:\u001b[93m14\u001b[0m:\u001b[93m42\u001b[0m - \u001b[91merror\u001b[0m\u001b[90m TS2345: \u001b[0mArgument of type '{ access: (path: PathLike, mode?: number) => Promise<void>; mkdir: { (path: PathLike, options: MakeDirectoryOptions & { recursive: true; }): Promise<...>; (path: PathLike, options?: Mode | (MakeDirectoryOptions & { ...; })): Promise<...>; (path: PathLike, options?: MakeDirectoryOptions | Mode): Promise<...>; }; writ...' is not assignable to parameter of type '{ logger: any; access: any; mkdir: any; writeFile: any; }'.\n  Object literal may only specify known properties, and 'readFile' does not exist in type '{ logger: any; access: any; mkdir: any; writeFile: any; }'.\n\n\u001b[7m14\u001b[0m   createPost({ access, mkdir, writeFile, readFile, logger }).post({\n\u001b[7m  \u001b[0m \u001b[91m                                         ~~~~~~~~\u001b[0m\n\u001b[96msrc/app/component/use-cases/index.ts\u001b[0m:\u001b[93m16\u001b[0m:\u001b[93m5\u001b[0m - \u001b[91merror\u001b[0m\u001b[90m TS2345: \u001b[0mArgument of type '{ params: any; filename: string; filePath: string; fileDirPath: string; fileDirName: string; errorMsgs: { post: { NO_DATA: string; EXISTING_USER: string; }; }; }' is not assignable to parameter of type '{ params: any; fileDir: any; filePath: any; }'.\n  Object literal may only specify known properties, and 'filename' does not exist in type '{ params: any; fileDir: any; filePath: any; }'.\n\n\u001b[7m16\u001b[0m     filename,\n\u001b[7m  \u001b[0m \u001b[91m    ~~~~~~~~\u001b[0m\n\nTSError: ⨯ Unable to compile TypeScript:\n\u001b[96msrc/app/component/use-cases/index.ts\u001b[0m:\u001b[93m3\u001b[0m:\u001b[93m23\u001b[0m - \u001b[91merror\u001b[0m\u001b[90m TS2307: \u001b[0mCannot find module './get' or its corresponding type declarations.\n\n\u001b[7m3\u001b[0m import createGet from \"./get\";\n\u001b[7m \u001b[0m \u001b[91m                      ~~~~~~~\u001b[0m\n\u001b[96msrc/app/component/use-cases/index.ts\u001b[0m:\u001b[93m14\u001b[0m:\u001b[93m42\u001b[0m - \u001b[91merror\u001b[0m\u001b[90m TS2345: \u001b[0mArgument of type '{ access: (path: PathLike, mode?: number) => Promise<void>; mkdir: { (path: PathLike, options: MakeDirectoryOptions & { recursive: true; }): Promise<...>; (path: PathLike, options?: Mode | (MakeDirectoryOptions & { ...; })): Promise<...>; (path: PathLike, options?: MakeDirectoryOptions | Mode): Promise<...>; }; writ...' is not assignable to parameter of type '{ logger: any; access: any; mkdir: any; writeFile: any; }'.\n  Object literal may only specify known properties, and 'readFile' does not exist in type '{ logger: any; access: any; mkdir: any; writeFile: any; }'.\n\n\u001b[7m14\u001b[0m   createPost({ access, mkdir, writeFile, readFile, logger }).post({\n\u001b[7m  \u001b[0m \u001b[91m                                         ~~~~~~~~\u001b[0m\n\u001b[96msrc/app/component/use-cases/index.ts\u001b[0m:\u001b[93m16\u001b[0m:\u001b[93m5\u001b[0m - \u001b[91merror\u001b[0m\u001b[90m TS2345: \u001b[0mArgument of type '{ params: any; filename: string; filePath: string; fileDirPath: string; fileDirName: string; errorMsgs: { post: { NO_DATA: string; EXISTING_USER: string; }; }; }' is not assignable to parameter of type '{ params: any; fileDir: any; filePath: any; }'.\n  Object literal may only specify known properties, and 'filename' does not exist in type '{ params: any; fileDir: any; filePath: any; }'.\n\n\u001b[7m16\u001b[0m     filename,\n\u001b[7m  \u001b[0m \u001b[91m    ~~~~~~~~\u001b[0m\n\n    at createTSError (/Users/theonorris/authentication-ms/node_modules/ts-node/src/index.ts:859:12)\n    at reportTSError (/Users/theonorris/authentication-ms/node_modules/ts-node/src/index.ts:863:19)\n    at getOutput (/Users/theonorris/authentication-ms/node_modules/ts-node/src/index.ts:1077:36)\n    at Object.compile (/Users/theonorris/authentication-ms/node_modules/ts-node/src/index.ts:1433:41)\n    at Module.m._compile (/Users/theonorris/authentication-ms/node_modules/ts-node/src/index.ts:1617:30)\n    at Module._extensions..js (node:internal/modules/cjs/loader:1310:10)\n    at Object.require.extensions.<computed> [as .ts] (/Users/theonorris/authentication-ms/node_modules/ts-node/src/index.ts:1621:12)\n    at Module.load (node:internal/modules/cjs/loader:1119:32)\n    at Function.Module._load (node:internal/modules/cjs/loader:960:12)\n    at Module.require (node:internal/modules/cjs/loader:1143:19)","os":{"loadavg":[75.54296875,38.150390625,23.84228515625],"uptime":390811},"process":{"argv":["/Users/theonorris/authentication-ms/node_modules/.bin/ts-node","/Users/theonorris/authentication-ms/src/app/index.ts"],"cwd":"/Users/theonorris/authentication-ms","execPath":"/Users/theonorris/.nvm/versions/node/v18.18.2/bin/node","gid":20,"memoryUsage":{"arrayBuffers":2381641,"external":3793009,"heapTotal":140144640,"heapUsed":114760608,"rss":178720768},"pid":65530,"uid":501,"version":"v18.18.2"},"service":"Authentication Micro Services","stack":"TSError: ⨯ Unable to compile TypeScript:\n\u001b[96msrc/app/component/use-cases/index.ts\u001b[0m:\u001b[93m3\u001b[0m:\u001b[93m23\u001b[0m - \u001b[91merror\u001b[0m\u001b[90m TS2307: \u001b[0mCannot find module './get' or its corresponding type declarations.\n\n\u001b[7m3\u001b[0m import createGet from \"./get\";\n\u001b[7m \u001b[0m \u001b[91m                      ~~~~~~~\u001b[0m\n\u001b[96msrc/app/component/use-cases/index.ts\u001b[0m:\u001b[93m14\u001b[0m:\u001b[93m42\u001b[0m - \u001b[91merror\u001b[0m\u001b[90m TS2345: \u001b[0mArgument of type '{ access: (path: PathLike, mode?: number) => Promise<void>; mkdir: { (path: PathLike, options: MakeDirectoryOptions & { recursive: true; }): Promise<...>; (path: PathLike, options?: Mode | (MakeDirectoryOptions & { ...; })): Promise<...>; (path: PathLike, options?: MakeDirectoryOptions | Mode): Promise<...>; }; writ...' is not assignable to parameter of type '{ logger: any; access: any; mkdir: any; writeFile: any; }'.\n  Object literal may only specify known properties, and 'readFile' does not exist in type '{ logger: any; access: any; mkdir: any; writeFile: any; }'.\n\n\u001b[7m14\u001b[0m   createPost({ access, mkdir, writeFile, readFile, logger }).post({\n\u001b[7m  \u001b[0m \u001b[91m                                         ~~~~~~~~\u001b[0m\n\u001b[96msrc/app/component/use-cases/index.ts\u001b[0m:\u001b[93m16\u001b[0m:\u001b[93m5\u001b[0m - \u001b[91merror\u001b[0m\u001b[90m TS2345: \u001b[0mArgument of type '{ params: any; filename: string; filePath: string; fileDirPath: string; fileDirName: string; errorMsgs: { post: { NO_DATA: string; EXISTING_USER: string; }; }; }' is not assignable to parameter of type '{ params: any; fileDir: any; filePath: any; }'.\n  Object literal may only specify known properties, and 'filename' does not exist in type '{ params: any; fileDir: any; filePath: any; }'.\n\n\u001b[7m16\u001b[0m     filename,\n\u001b[7m  \u001b[0m \u001b[91m    ~~~~~~~~\u001b[0m\n\n    at createTSError (/Users/theonorris/authentication-ms/node_modules/ts-node/src/index.ts:859:12)\n    at reportTSError (/Users/theonorris/authentication-ms/node_modules/ts-node/src/index.ts:863:19)\n    at getOutput (/Users/theonorris/authentication-ms/node_modules/ts-node/src/index.ts:1077:36)\n    at Object.compile (/Users/theonorris/authentication-ms/node_modules/ts-node/src/index.ts:1433:41)\n    at Module.m._compile (/Users/theonorris/authentication-ms/node_modules/ts-node/src/index.ts:1617:30)\n    at Module._extensions..js (node:internal/modules/cjs/loader:1310:10)\n    at Object.require.extensions.<computed> [as .ts] (/Users/theonorris/authentication-ms/node_modules/ts-node/src/index.ts:1621:12)\n    at Module.load (node:internal/modules/cjs/loader:1119:32)\n    at Function.Module._load (node:internal/modules/cjs/loader:960:12)\n    at Module.require (node:internal/modules/cjs/loader:1143:19)","timestamp":"2023-10-19 11:20:10","trace":[{"column":12,"file":"/Users/theonorris/authentication-ms/node_modules/ts-node/src/index.ts","function":"createTSError","line":859,"method":null,"native":false},{"column":19,"file":"/Users/theonorris/authentication-ms/node_modules/ts-node/src/index.ts","function":"reportTSError","line":863,"method":null,"native":false},{"column":36,"file":"/Users/theonorris/authentication-ms/node_modules/ts-node/src/index.ts","function":"getOutput","line":1077,"method":null,"native":false},{"column":41,"file":"/Users/theonorris/authentication-ms/node_modules/ts-node/src/index.ts","function":"Object.compile","line":1433,"method":"compile","native":false},{"column":30,"file":"/Users/theonorris/authentication-ms/node_modules/ts-node/src/index.ts","function":"Module.m._compile","line":1617,"method":"_compile","native":false},{"column":10,"file":"node:internal/modules/cjs/loader","function":"Module._extensions..js","line":1310,"method":".js","native":false},{"column":12,"file":"/Users/theonorris/authentication-ms/node_modules/ts-node/src/index.ts","function":"Object.require.extensions.<computed> [as .ts]","line":1621,"method":"ts]","native":false},{"column":32,"file":"node:internal/modules/cjs/loader","function":"Module.load","line":1119,"method":"load","native":false},{"column":12,"file":"node:internal/modules/cjs/loader","function":"Module._load","line":960,"method":"_load","native":false},{"column":19,"file":"node:internal/modules/cjs/loader","function":"Module.require","line":1143,"method":"require","native":false}]}
{"date":"Thu Oct 19 2023 11:35:22 GMT+0200 (Central European Summer Time)","error":{"diagnosticCodes":[2307]},"exception":true,"level":"error","message":"uncaughtException: ⨯ Unable to compile TypeScript:\n\u001b[96msrc/app/component/use-cases/index.ts\u001b[0m:\u001b[93m3\u001b[0m:\u001b[93m23\u001b[0m - \u001b[91merror\u001b[0m\u001b[90m TS2307: \u001b[0mCannot find module './get' or its corresponding type declarations.\n\n\u001b[7m3\u001b[0m import createGet from \"./get\";\n\u001b[7m \u001b[0m \u001b[91m                      ~~~~~~~\u001b[0m\n\nTSError: ⨯ Unable to compile TypeScript:\n\u001b[96msrc/app/component/use-cases/index.ts\u001b[0m:\u001b[93m3\u001b[0m:\u001b[93m23\u001b[0m - \u001b[91merror\u001b[0m\u001b[90m TS2307: \u001b[0mCannot find module './get' or its corresponding type declarations.\n\n\u001b[7m3\u001b[0m import createGet from \"./get\";\n\u001b[7m \u001b[0m \u001b[91m                      ~~~~~~~\u001b[0m\n\n    at createTSError (/Users/theonorris/authentication-ms/node_modules/ts-node/src/index.ts:859:12)\n    at reportTSError (/Users/theonorris/authentication-ms/node_modules/ts-node/src/index.ts:863:19)\n    at getOutput (/Users/theonorris/authentication-ms/node_modules/ts-node/src/index.ts:1077:36)\n    at Object.compile (/Users/theonorris/authentication-ms/node_modules/ts-node/src/index.ts:1433:41)\n    at Module.m._compile (/Users/theonorris/authentication-ms/node_modules/ts-node/src/index.ts:1617:30)\n    at Module._extensions..js (node:internal/modules/cjs/loader:1310:10)\n    at Object.require.extensions.<computed> [as .ts] (/Users/theonorris/authentication-ms/node_modules/ts-node/src/index.ts:1621:12)\n    at Module.load (node:internal/modules/cjs/loader:1119:32)\n    at Function.Module._load (node:internal/modules/cjs/loader:960:12)\n    at Module.require (node:internal/modules/cjs/loader:1143:19)","os":{"loadavg":[13.2138671875,16.486328125,19.28173828125],"uptime":391723},"process":{"argv":["/Users/theonorris/authentication-ms/node_modules/.bin/ts-node","/Users/theonorris/authentication-ms/src/app/index.ts"],"cwd":"/Users/theonorris/authentication-ms","execPath":"/Users/theonorris/.nvm/versions/node/v18.18.2/bin/node","gid":20,"memoryUsage":{"arrayBuffers":2839718,"external":4251086,"heapTotal":136142848,"heapUsed":115558888,"rss":184508416},"pid":65758,"uid":501,"version":"v18.18.2"},"service":"Authentication Micro Services","stack":"TSError: ⨯ Unable to compile TypeScript:\n\u001b[96msrc/app/component/use-cases/index.ts\u001b[0m:\u001b[93m3\u001b[0m:\u001b[93m23\u001b[0m - \u001b[91merror\u001b[0m\u001b[90m TS2307: \u001b[0mCannot find module './get' or its corresponding type declarations.\n\n\u001b[7m3\u001b[0m import createGet from \"./get\";\n\u001b[7m \u001b[0m \u001b[91m                      ~~~~~~~\u001b[0m\n\n    at createTSError (/Users/theonorris/authentication-ms/node_modules/ts-node/src/index.ts:859:12)\n    at reportTSError (/Users/theonorris/authentication-ms/node_modules/ts-node/src/index.ts:863:19)\n    at getOutput (/Users/theonorris/authentication-ms/node_modules/ts-node/src/index.ts:1077:36)\n    at Object.compile (/Users/theonorris/authentication-ms/node_modules/ts-node/src/index.ts:1433:41)\n    at Module.m._compile (/Users/theonorris/authentication-ms/node_modules/ts-node/src/index.ts:1617:30)\n    at Module._extensions..js (node:internal/modules/cjs/loader:1310:10)\n    at Object.require.extensions.<computed> [as .ts] (/Users/theonorris/authentication-ms/node_modules/ts-node/src/index.ts:1621:12)\n    at Module.load (node:internal/modules/cjs/loader:1119:32)\n    at Function.Module._load (node:internal/modules/cjs/loader:960:12)\n    at Module.require (node:internal/modules/cjs/loader:1143:19)","timestamp":"2023-10-19 11:35:22","trace":[{"column":12,"file":"/Users/theonorris/authentication-ms/node_modules/ts-node/src/index.ts","function":"createTSError","line":859,"method":null,"native":false},{"column":19,"file":"/Users/theonorris/authentication-ms/node_modules/ts-node/src/index.ts","function":"reportTSError","line":863,"method":null,"native":false},{"column":36,"file":"/Users/theonorris/authentication-ms/node_modules/ts-node/src/index.ts","function":"getOutput","line":1077,"method":null,"native":false},{"column":41,"file":"/Users/theonorris/authentication-ms/node_modules/ts-node/src/index.ts","function":"Object.compile","line":1433,"method":"compile","native":false},{"column":30,"file":"/Users/theonorris/authentication-ms/node_modules/ts-node/src/index.ts","function":"Module.m._compile","line":1617,"method":"_compile","native":false},{"column":10,"file":"node:internal/modules/cjs/loader","function":"Module._extensions..js","line":1310,"method":".js","native":false},{"column":12,"file":"/Users/theonorris/authentication-ms/node_modules/ts-node/src/index.ts","function":"Object.require.extensions.<computed> [as .ts]","line":1621,"method":"ts]","native":false},{"column":32,"file":"node:internal/modules/cjs/loader","function":"Module.load","line":1119,"method":"load","native":false},{"column":12,"file":"node:internal/modules/cjs/loader","function":"Module._load","line":960,"method":"_load","native":false},{"column":19,"file":"node:internal/modules/cjs/loader","function":"Module.require","line":1143,"method":"require","native":false}]}
{"date":"Thu Oct 19 2023 11:37:15 GMT+0200 (Central European Summer Time)","error":{"diagnosticCodes":[2307]},"exception":true,"level":"error","message":"uncaughtException: ⨯ Unable to compile TypeScript:\n\u001b[96msrc/app/component/use-cases/index.ts\u001b[0m:\u001b[93m3\u001b[0m:\u001b[93m23\u001b[0m - \u001b[91merror\u001b[0m\u001b[90m TS2307: \u001b[0mCannot find module './get' or its corresponding type declarations.\n\n\u001b[7m3\u001b[0m import createGet from \"./get\";\n\u001b[7m \u001b[0m \u001b[91m                      ~~~~~~~\u001b[0m\n\nTSError: ⨯ Unable to compile TypeScript:\n\u001b[96msrc/app/component/use-cases/index.ts\u001b[0m:\u001b[93m3\u001b[0m:\u001b[93m23\u001b[0m - \u001b[91merror\u001b[0m\u001b[90m TS2307: \u001b[0mCannot find module './get' or its corresponding type declarations.\n\n\u001b[7m3\u001b[0m import createGet from \"./get\";\n\u001b[7m \u001b[0m \u001b[91m                      ~~~~~~~\u001b[0m\n\n    at createTSError (/Users/theonorris/authentication-ms/node_modules/ts-node/src/index.ts:859:12)\n    at reportTSError (/Users/theonorris/authentication-ms/node_modules/ts-node/src/index.ts:863:19)\n    at getOutput (/Users/theonorris/authentication-ms/node_modules/ts-node/src/index.ts:1077:36)\n    at Object.compile (/Users/theonorris/authentication-ms/node_modules/ts-node/src/index.ts:1433:41)\n    at Module.m._compile (/Users/theonorris/authentication-ms/node_modules/ts-node/src/index.ts:1617:30)\n    at Module._extensions..js (node:internal/modules/cjs/loader:1310:10)\n    at Object.require.extensions.<computed> [as .ts] (/Users/theonorris/authentication-ms/node_modules/ts-node/src/index.ts:1621:12)\n    at Module.load (node:internal/modules/cjs/loader:1119:32)\n    at Function.Module._load (node:internal/modules/cjs/loader:960:12)\n    at Module.require (node:internal/modules/cjs/loader:1143:19)","os":{"loadavg":[19.84619140625,18.2021484375,19.62939453125],"uptime":391836},"process":{"argv":["/Users/theonorris/authentication-ms/node_modules/.bin/ts-node","/Users/theonorris/authentication-ms/src/app/index.ts"],"cwd":"/Users/theonorris/authentication-ms","execPath":"/Users/theonorris/.nvm/versions/node/v18.18.2/bin/node","gid":20,"memoryUsage":{"arrayBuffers":2839766,"external":4251134,"heapTotal":136142848,"heapUsed":115683920,"rss":183484416},"pid":65807,"uid":501,"version":"v18.18.2"},"service":"Authentication Micro Services","stack":"TSError: ⨯ Unable to compile TypeScript:\n\u001b[96msrc/app/component/use-cases/index.ts\u001b[0m:\u001b[93m3\u001b[0m:\u001b[93m23\u001b[0m - \u001b[91merror\u001b[0m\u001b[90m TS2307: \u001b[0mCannot find module './get' or its corresponding type declarations.\n\n\u001b[7m3\u001b[0m import createGet from \"./get\";\n\u001b[7m \u001b[0m \u001b[91m                      ~~~~~~~\u001b[0m\n\n    at createTSError (/Users/theonorris/authentication-ms/node_modules/ts-node/src/index.ts:859:12)\n    at reportTSError (/Users/theonorris/authentication-ms/node_modules/ts-node/src/index.ts:863:19)\n    at getOutput (/Users/theonorris/authentication-ms/node_modules/ts-node/src/index.ts:1077:36)\n    at Object.compile (/Users/theonorris/authentication-ms/node_modules/ts-node/src/index.ts:1433:41)\n    at Module.m._compile (/Users/theonorris/authentication-ms/node_modules/ts-node/src/index.ts:1617:30)\n    at Module._extensions..js (node:internal/modules/cjs/loader:1310:10)\n    at Object.require.extensions.<computed> [as .ts] (/Users/theonorris/authentication-ms/node_modules/ts-node/src/index.ts:1621:12)\n    at Module.load (node:internal/modules/cjs/loader:1119:32)\n    at Function.Module._load (node:internal/modules/cjs/loader:960:12)\n    at Module.require (node:internal/modules/cjs/loader:1143:19)","timestamp":"2023-10-19 11:37:15","trace":[{"column":12,"file":"/Users/theonorris/authentication-ms/node_modules/ts-node/src/index.ts","function":"createTSError","line":859,"method":null,"native":false},{"column":19,"file":"/Users/theonorris/authentication-ms/node_modules/ts-node/src/index.ts","function":"reportTSError","line":863,"method":null,"native":false},{"column":36,"file":"/Users/theonorris/authentication-ms/node_modules/ts-node/src/index.ts","function":"getOutput","line":1077,"method":null,"native":false},{"column":41,"file":"/Users/theonorris/authentication-ms/node_modules/ts-node/src/index.ts","function":"Object.compile","line":1433,"method":"compile","native":false},{"column":30,"file":"/Users/theonorris/authentication-ms/node_modules/ts-node/src/index.ts","function":"Module.m._compile","line":1617,"method":"_compile","native":false},{"column":10,"file":"node:internal/modules/cjs/loader","function":"Module._extensions..js","line":1310,"method":".js","native":false},{"column":12,"file":"/Users/theonorris/authentication-ms/node_modules/ts-node/src/index.ts","function":"Object.require.extensions.<computed> [as .ts]","line":1621,"method":"ts]","native":false},{"column":32,"file":"node:internal/modules/cjs/loader","function":"Module.load","line":1119,"method":"load","native":false},{"column":12,"file":"node:internal/modules/cjs/loader","function":"Module._load","line":960,"method":"_load","native":false},{"column":19,"file":"node:internal/modules/cjs/loader","function":"Module.require","line":1143,"method":"require","native":false}]}
{"date":"Thu Oct 19 2023 11:44:11 GMT+0200 (Central European Summer Time)","error":{"diagnosticCodes":[2307]},"exception":true,"level":"error","message":"uncaughtException: ⨯ Unable to compile TypeScript:\n\u001b[96msrc/app/component/use-cases/index.ts\u001b[0m:\u001b[93m3\u001b[0m:\u001b[93m23\u001b[0m - \u001b[91merror\u001b[0m\u001b[90m TS2307: \u001b[0mCannot find module './get' or its corresponding type declarations.\n\n\u001b[7m3\u001b[0m import createGet from \"./get\";\n\u001b[7m \u001b[0m \u001b[91m                      ~~~~~~~\u001b[0m\n\nTSError: ⨯ Unable to compile TypeScript:\n\u001b[96msrc/app/component/use-cases/index.ts\u001b[0m:\u001b[93m3\u001b[0m:\u001b[93m23\u001b[0m - \u001b[91merror\u001b[0m\u001b[90m TS2307: \u001b[0mCannot find module './get' or its corresponding type declarations.\n\n\u001b[7m3\u001b[0m import createGet from \"./get\";\n\u001b[7m \u001b[0m \u001b[91m                      ~~~~~~~\u001b[0m\n\n    at createTSError (/Users/theonorris/authentication-ms/node_modules/ts-node/src/index.ts:859:12)\n    at reportTSError (/Users/theonorris/authentication-ms/node_modules/ts-node/src/index.ts:863:19)\n    at getOutput (/Users/theonorris/authentication-ms/node_modules/ts-node/src/index.ts:1077:36)\n    at Object.compile (/Users/theonorris/authentication-ms/node_modules/ts-node/src/index.ts:1433:41)\n    at Module.m._compile (/Users/theonorris/authentication-ms/node_modules/ts-node/src/index.ts:1617:30)\n    at Module._extensions..js (node:internal/modules/cjs/loader:1310:10)\n    at Object.require.extensions.<computed> [as .ts] (/Users/theonorris/authentication-ms/node_modules/ts-node/src/index.ts:1621:12)\n    at Module.load (node:internal/modules/cjs/loader:1119:32)\n    at Function.Module._load (node:internal/modules/cjs/loader:960:12)\n    at Module.require (node:internal/modules/cjs/loader:1143:19)","os":{"loadavg":[37.13134765625,24.626953125,21.53076171875],"uptime":392252},"process":{"argv":["/Users/theonorris/authentication-ms/node_modules/.bin/ts-node","/Users/theonorris/authentication-ms/src/app/index.ts"],"cwd":"/Users/theonorris/authentication-ms","execPath":"/Users/theonorris/.nvm/versions/node/v18.18.2/bin/node","gid":20,"memoryUsage":{"arrayBuffers":2858567,"external":4269935,"heapTotal":135618560,"heapUsed":115693536,"rss":183701504},"pid":65897,"uid":501,"version":"v18.18.2"},"service":"Authentication Micro Services","stack":"TSError: ⨯ Unable to compile TypeScript:\n\u001b[96msrc/app/component/use-cases/index.ts\u001b[0m:\u001b[93m3\u001b[0m:\u001b[93m23\u001b[0m - \u001b[91merror\u001b[0m\u001b[90m TS2307: \u001b[0mCannot find module './get' or its corresponding type declarations.\n\n\u001b[7m3\u001b[0m import createGet from \"./get\";\n\u001b[7m \u001b[0m \u001b[91m                      ~~~~~~~\u001b[0m\n\n    at createTSError (/Users/theonorris/authentication-ms/node_modules/ts-node/src/index.ts:859:12)\n    at reportTSError (/Users/theonorris/authentication-ms/node_modules/ts-node/src/index.ts:863:19)\n    at getOutput (/Users/theonorris/authentication-ms/node_modules/ts-node/src/index.ts:1077:36)\n    at Object.compile (/Users/theonorris/authentication-ms/node_modules/ts-node/src/index.ts:1433:41)\n    at Module.m._compile (/Users/theonorris/authentication-ms/node_modules/ts-node/src/index.ts:1617:30)\n    at Module._extensions..js (node:internal/modules/cjs/loader:1310:10)\n    at Object.require.extensions.<computed> [as .ts] (/Users/theonorris/authentication-ms/node_modules/ts-node/src/index.ts:1621:12)\n    at Module.load (node:internal/modules/cjs/loader:1119:32)\n    at Function.Module._load (node:internal/modules/cjs/loader:960:12)\n    at Module.require (node:internal/modules/cjs/loader:1143:19)","timestamp":"2023-10-19 11:44:11","trace":[{"column":12,"file":"/Users/theonorris/authentication-ms/node_modules/ts-node/src/index.ts","function":"createTSError","line":859,"method":null,"native":false},{"column":19,"file":"/Users/theonorris/authentication-ms/node_modules/ts-node/src/index.ts","function":"reportTSError","line":863,"method":null,"native":false},{"column":36,"file":"/Users/theonorris/authentication-ms/node_modules/ts-node/src/index.ts","function":"getOutput","line":1077,"method":null,"native":false},{"column":41,"file":"/Users/theonorris/authentication-ms/node_modules/ts-node/src/index.ts","function":"Object.compile","line":1433,"method":"compile","native":false},{"column":30,"file":"/Users/theonorris/authentication-ms/node_modules/ts-node/src/index.ts","function":"Module.m._compile","line":1617,"method":"_compile","native":false},{"column":10,"file":"node:internal/modules/cjs/loader","function":"Module._extensions..js","line":1310,"method":".js","native":false},{"column":12,"file":"/Users/theonorris/authentication-ms/node_modules/ts-node/src/index.ts","function":"Object.require.extensions.<computed> [as .ts]","line":1621,"method":"ts]","native":false},{"column":32,"file":"node:internal/modules/cjs/loader","function":"Module.load","line":1119,"method":"load","native":false},{"column":12,"file":"node:internal/modules/cjs/loader","function":"Module._load","line":960,"method":"_load","native":false},{"column":19,"file":"node:internal/modules/cjs/loader","function":"Module.require","line":1143,"method":"require","native":false}]}
{"date":"Thu Oct 19 2023 11:47:32 GMT+0200 (Central European Summer Time)","error":{"diagnosticCodes":[2307]},"exception":true,"level":"error","message":"uncaughtException: ⨯ Unable to compile TypeScript:\n\u001b[96msrc/app/component/use-cases/index.ts\u001b[0m:\u001b[93m3\u001b[0m:\u001b[93m23\u001b[0m - \u001b[91merror\u001b[0m\u001b[90m TS2307: \u001b[0mCannot find module './get' or its corresponding type declarations.\n\n\u001b[7m3\u001b[0m import createGet from \"./get\";\n\u001b[7m \u001b[0m \u001b[91m                      ~~~~~~~\u001b[0m\n\nTSError: ⨯ Unable to compile TypeScript:\n\u001b[96msrc/app/component/use-cases/index.ts\u001b[0m:\u001b[93m3\u001b[0m:\u001b[93m23\u001b[0m - \u001b[91merror\u001b[0m\u001b[90m TS2307: \u001b[0mCannot find module './get' or its corresponding type declarations.\n\n\u001b[7m3\u001b[0m import createGet from \"./get\";\n\u001b[7m \u001b[0m \u001b[91m                      ~~~~~~~\u001b[0m\n\n    at createTSError (/Users/theonorris/authentication-ms/node_modules/ts-node/src/index.ts:859:12)\n    at reportTSError (/Users/theonorris/authentication-ms/node_modules/ts-node/src/index.ts:863:19)\n    at getOutput (/Users/theonorris/authentication-ms/node_modules/ts-node/src/index.ts:1077:36)\n    at Object.compile (/Users/theonorris/authentication-ms/node_modules/ts-node/src/index.ts:1433:41)\n    at Module.m._compile (/Users/theonorris/authentication-ms/node_modules/ts-node/src/index.ts:1617:30)\n    at Module._extensions..js (node:internal/modules/cjs/loader:1310:10)\n    at Object.require.extensions.<computed> [as .ts] (/Users/theonorris/authentication-ms/node_modules/ts-node/src/index.ts:1621:12)\n    at Module.load (node:internal/modules/cjs/loader:1119:32)\n    at Function.Module._load (node:internal/modules/cjs/loader:960:12)\n    at Module.require (node:internal/modules/cjs/loader:1143:19)","os":{"loadavg":[39.03125,29.14208984375,24.1162109375],"uptime":392453},"process":{"argv":["/Users/theonorris/authentication-ms/node_modules/.bin/ts-node","/Users/theonorris/authentication-ms/src/app/index.ts"],"cwd":"/Users/theonorris/authentication-ms","execPath":"/Users/theonorris/.nvm/versions/node/v18.18.2/bin/node","gid":20,"memoryUsage":{"arrayBuffers":2839694,"external":4251062,"heapTotal":135880704,"heapUsed":115563352,"rss":183824384},"pid":65982,"uid":501,"version":"v18.18.2"},"service":"Authentication Micro Services","stack":"TSError: ⨯ Unable to compile TypeScript:\n\u001b[96msrc/app/component/use-cases/index.ts\u001b[0m:\u001b[93m3\u001b[0m:\u001b[93m23\u001b[0m - \u001b[91merror\u001b[0m\u001b[90m TS2307: \u001b[0mCannot find module './get' or its corresponding type declarations.\n\n\u001b[7m3\u001b[0m import createGet from \"./get\";\n\u001b[7m \u001b[0m \u001b[91m                      ~~~~~~~\u001b[0m\n\n    at createTSError (/Users/theonorris/authentication-ms/node_modules/ts-node/src/index.ts:859:12)\n    at reportTSError (/Users/theonorris/authentication-ms/node_modules/ts-node/src/index.ts:863:19)\n    at getOutput (/Users/theonorris/authentication-ms/node_modules/ts-node/src/index.ts:1077:36)\n    at Object.compile (/Users/theonorris/authentication-ms/node_modules/ts-node/src/index.ts:1433:41)\n    at Module.m._compile (/Users/theonorris/authentication-ms/node_modules/ts-node/src/index.ts:1617:30)\n    at Module._extensions..js (node:internal/modules/cjs/loader:1310:10)\n    at Object.require.extensions.<computed> [as .ts] (/Users/theonorris/authentication-ms/node_modules/ts-node/src/index.ts:1621:12)\n    at Module.load (node:internal/modules/cjs/loader:1119:32)\n    at Function.Module._load (node:internal/modules/cjs/loader:960:12)\n    at Module.require (node:internal/modules/cjs/loader:1143:19)","timestamp":"2023-10-19 11:47:32","trace":[{"column":12,"file":"/Users/theonorris/authentication-ms/node_modules/ts-node/src/index.ts","function":"createTSError","line":859,"method":null,"native":false},{"column":19,"file":"/Users/theonorris/authentication-ms/node_modules/ts-node/src/index.ts","function":"reportTSError","line":863,"method":null,"native":false},{"column":36,"file":"/Users/theonorris/authentication-ms/node_modules/ts-node/src/index.ts","function":"getOutput","line":1077,"method":null,"native":false},{"column":41,"file":"/Users/theonorris/authentication-ms/node_modules/ts-node/src/index.ts","function":"Object.compile","line":1433,"method":"compile","native":false},{"column":30,"file":"/Users/theonorris/authentication-ms/node_modules/ts-node/src/index.ts","function":"Module.m._compile","line":1617,"method":"_compile","native":false},{"column":10,"file":"node:internal/modules/cjs/loader","function":"Module._extensions..js","line":1310,"method":".js","native":false},{"column":12,"file":"/Users/theonorris/authentication-ms/node_modules/ts-node/src/index.ts","function":"Object.require.extensions.<computed> [as .ts]","line":1621,"method":"ts]","native":false},{"column":32,"file":"node:internal/modules/cjs/loader","function":"Module.load","line":1119,"method":"load","native":false},{"column":12,"file":"node:internal/modules/cjs/loader","function":"Module._load","line":960,"method":"_load","native":false},{"column":19,"file":"node:internal/modules/cjs/loader","function":"Module.require","line":1143,"method":"require","native":false}]}
{"date":"Thu Oct 19 2023 11:48:49 GMT+0200 (Central European Summer Time)","error":{"diagnosticCodes":[2307]},"exception":true,"level":"error","message":"uncaughtException: ⨯ Unable to compile TypeScript:\n\u001b[96msrc/app/component/use-cases/index.ts\u001b[0m:\u001b[93m3\u001b[0m:\u001b[93m23\u001b[0m - \u001b[91merror\u001b[0m\u001b[90m TS2307: \u001b[0mCannot find module './get' or its corresponding type declarations.\n\n\u001b[7m3\u001b[0m import createGet from \"./get\";\n\u001b[7m \u001b[0m \u001b[91m                      ~~~~~~~\u001b[0m\n\nTSError: ⨯ Unable to compile TypeScript:\n\u001b[96msrc/app/component/use-cases/index.ts\u001b[0m:\u001b[93m3\u001b[0m:\u001b[93m23\u001b[0m - \u001b[91merror\u001b[0m\u001b[90m TS2307: \u001b[0mCannot find module './get' or its corresponding type declarations.\n\n\u001b[7m3\u001b[0m import createGet from \"./get\";\n\u001b[7m \u001b[0m \u001b[91m                      ~~~~~~~\u001b[0m\n\n    at createTSError (/Users/theonorris/authentication-ms/node_modules/ts-node/src/index.ts:859:12)\n    at reportTSError (/Users/theonorris/authentication-ms/node_modules/ts-node/src/index.ts:863:19)\n    at getOutput (/Users/theonorris/authentication-ms/node_modules/ts-node/src/index.ts:1077:36)\n    at Object.compile (/Users/theonorris/authentication-ms/node_modules/ts-node/src/index.ts:1433:41)\n    at Module.m._compile (/Users/theonorris/authentication-ms/node_modules/ts-node/src/index.ts:1617:30)\n    at Module._extensions..js (node:internal/modules/cjs/loader:1310:10)\n    at Object.require.extensions.<computed> [as .ts] (/Users/theonorris/authentication-ms/node_modules/ts-node/src/index.ts:1621:12)\n    at Module.load (node:internal/modules/cjs/loader:1119:32)\n    at Function.Module._load (node:internal/modules/cjs/loader:960:12)\n    at Module.require (node:internal/modules/cjs/loader:1143:19)","os":{"loadavg":[38.23681640625,29.798828125,24.71484375],"uptime":392530},"process":{"argv":["/Users/theonorris/authentication-ms/node_modules/.bin/ts-node","/Users/theonorris/authentication-ms/src/app/index.ts"],"cwd":"/Users/theonorris/authentication-ms","execPath":"/Users/theonorris/.nvm/versions/node/v18.18.2/bin/node","gid":20,"memoryUsage":{"arrayBuffers":2808107,"external":4219475,"heapTotal":136142848,"heapUsed":115329592,"rss":189403136},"pid":66031,"uid":501,"version":"v18.18.2"},"service":"Authentication Micro Services","stack":"TSError: ⨯ Unable to compile TypeScript:\n\u001b[96msrc/app/component/use-cases/index.ts\u001b[0m:\u001b[93m3\u001b[0m:\u001b[93m23\u001b[0m - \u001b[91merror\u001b[0m\u001b[90m TS2307: \u001b[0mCannot find module './get' or its corresponding type declarations.\n\n\u001b[7m3\u001b[0m import createGet from \"./get\";\n\u001b[7m \u001b[0m \u001b[91m                      ~~~~~~~\u001b[0m\n\n    at createTSError (/Users/theonorris/authentication-ms/node_modules/ts-node/src/index.ts:859:12)\n    at reportTSError (/Users/theonorris/authentication-ms/node_modules/ts-node/src/index.ts:863:19)\n    at getOutput (/Users/theonorris/authentication-ms/node_modules/ts-node/src/index.ts:1077:36)\n    at Object.compile (/Users/theonorris/authentication-ms/node_modules/ts-node/src/index.ts:1433:41)\n    at Module.m._compile (/Users/theonorris/authentication-ms/node_modules/ts-node/src/index.ts:1617:30)\n    at Module._extensions..js (node:internal/modules/cjs/loader:1310:10)\n    at Object.require.extensions.<computed> [as .ts] (/Users/theonorris/authentication-ms/node_modules/ts-node/src/index.ts:1621:12)\n    at Module.load (node:internal/modules/cjs/loader:1119:32)\n    at Function.Module._load (node:internal/modules/cjs/loader:960:12)\n    at Module.require (node:internal/modules/cjs/loader:1143:19)","timestamp":"2023-10-19 11:48:49","trace":[{"column":12,"file":"/Users/theonorris/authentication-ms/node_modules/ts-node/src/index.ts","function":"createTSError","line":859,"method":null,"native":false},{"column":19,"file":"/Users/theonorris/authentication-ms/node_modules/ts-node/src/index.ts","function":"reportTSError","line":863,"method":null,"native":false},{"column":36,"file":"/Users/theonorris/authentication-ms/node_modules/ts-node/src/index.ts","function":"getOutput","line":1077,"method":null,"native":false},{"column":41,"file":"/Users/theonorris/authentication-ms/node_modules/ts-node/src/index.ts","function":"Object.compile","line":1433,"method":"compile","native":false},{"column":30,"file":"/Users/theonorris/authentication-ms/node_modules/ts-node/src/index.ts","function":"Module.m._compile","line":1617,"method":"_compile","native":false},{"column":10,"file":"node:internal/modules/cjs/loader","function":"Module._extensions..js","line":1310,"method":".js","native":false},{"column":12,"file":"/Users/theonorris/authentication-ms/node_modules/ts-node/src/index.ts","function":"Object.require.extensions.<computed> [as .ts]","line":1621,"method":"ts]","native":false},{"column":32,"file":"node:internal/modules/cjs/loader","function":"Module.load","line":1119,"method":"load","native":false},{"column":12,"file":"node:internal/modules/cjs/loader","function":"Module._load","line":960,"method":"_load","native":false},{"column":19,"file":"node:internal/modules/cjs/loader","function":"Module.require","line":1143,"method":"require","native":false}]}
{"date":"Thu Oct 19 2023 11:50:29 GMT+0200 (Central European Summer Time)","error":{"diagnosticCodes":[2307]},"exception":true,"level":"error","message":"uncaughtException: ⨯ Unable to compile TypeScript:\n\u001b[96msrc/app/component/use-cases/index.ts\u001b[0m:\u001b[93m3\u001b[0m:\u001b[93m23\u001b[0m - \u001b[91merror\u001b[0m\u001b[90m TS2307: \u001b[0mCannot find module './get' or its corresponding type declarations.\n\n\u001b[7m3\u001b[0m import createGet from \"./get\";\n\u001b[7m \u001b[0m \u001b[91m                      ~~~~~~~\u001b[0m\n\nTSError: ⨯ Unable to compile TypeScript:\n\u001b[96msrc/app/component/use-cases/index.ts\u001b[0m:\u001b[93m3\u001b[0m:\u001b[93m23\u001b[0m - \u001b[91merror\u001b[0m\u001b[90m TS2307: \u001b[0mCannot find module './get' or its corresponding type declarations.\n\n\u001b[7m3\u001b[0m import createGet from \"./get\";\n\u001b[7m \u001b[0m \u001b[91m                      ~~~~~~~\u001b[0m\n\n    at createTSError (/Users/theonorris/authentication-ms/node_modules/ts-node/src/index.ts:859:12)\n    at reportTSError (/Users/theonorris/authentication-ms/node_modules/ts-node/src/index.ts:863:19)\n    at getOutput (/Users/theonorris/authentication-ms/node_modules/ts-node/src/index.ts:1077:36)\n    at Object.compile (/Users/theonorris/authentication-ms/node_modules/ts-node/src/index.ts:1433:41)\n    at Module.m._compile (/Users/theonorris/authentication-ms/node_modules/ts-node/src/index.ts:1617:30)\n    at Module._extensions..js (node:internal/modules/cjs/loader:1310:10)\n    at Object.require.extensions.<computed> [as .ts] (/Users/theonorris/authentication-ms/node_modules/ts-node/src/index.ts:1621:12)\n    at Module.load (node:internal/modules/cjs/loader:1119:32)\n    at Function.Module._load (node:internal/modules/cjs/loader:960:12)\n    at Module.require (node:internal/modules/cjs/loader:1143:19)","os":{"loadavg":[70.2197265625,45.6552734375,31.62255859375],"uptime":392630},"process":{"argv":["/Users/theonorris/authentication-ms/node_modules/.bin/ts-node","/Users/theonorris/authentication-ms/src/app/index.ts"],"cwd":"/Users/theonorris/authentication-ms","execPath":"/Users/theonorris/.nvm/versions/node/v18.18.2/bin/node","gid":20,"memoryUsage":{"arrayBuffers":2839678,"external":4251046,"heapTotal":136142848,"heapUsed":115613120,"rss":185745408},"pid":66099,"uid":501,"version":"v18.18.2"},"service":"Authentication Micro Services","stack":"TSError: ⨯ Unable to compile TypeScript:\n\u001b[96msrc/app/component/use-cases/index.ts\u001b[0m:\u001b[93m3\u001b[0m:\u001b[93m23\u001b[0m - \u001b[91merror\u001b[0m\u001b[90m TS2307: \u001b[0mCannot find module './get' or its corresponding type declarations.\n\n\u001b[7m3\u001b[0m import createGet from \"./get\";\n\u001b[7m \u001b[0m \u001b[91m                      ~~~~~~~\u001b[0m\n\n    at createTSError (/Users/theonorris/authentication-ms/node_modules/ts-node/src/index.ts:859:12)\n    at reportTSError (/Users/theonorris/authentication-ms/node_modules/ts-node/src/index.ts:863:19)\n    at getOutput (/Users/theonorris/authentication-ms/node_modules/ts-node/src/index.ts:1077:36)\n    at Object.compile (/Users/theonorris/authentication-ms/node_modules/ts-node/src/index.ts:1433:41)\n    at Module.m._compile (/Users/theonorris/authentication-ms/node_modules/ts-node/src/index.ts:1617:30)\n    at Module._extensions..js (node:internal/modules/cjs/loader:1310:10)\n    at Object.require.extensions.<computed> [as .ts] (/Users/theonorris/authentication-ms/node_modules/ts-node/src/index.ts:1621:12)\n    at Module.load (node:internal/modules/cjs/loader:1119:32)\n    at Function.Module._load (node:internal/modules/cjs/loader:960:12)\n    at Module.require (node:internal/modules/cjs/loader:1143:19)","timestamp":"2023-10-19 11:50:29","trace":[{"column":12,"file":"/Users/theonorris/authentication-ms/node_modules/ts-node/src/index.ts","function":"createTSError","line":859,"method":null,"native":false},{"column":19,"file":"/Users/theonorris/authentication-ms/node_modules/ts-node/src/index.ts","function":"reportTSError","line":863,"method":null,"native":false},{"column":36,"file":"/Users/theonorris/authentication-ms/node_modules/ts-node/src/index.ts","function":"getOutput","line":1077,"method":null,"native":false},{"column":41,"file":"/Users/theonorris/authentication-ms/node_modules/ts-node/src/index.ts","function":"Object.compile","line":1433,"method":"compile","native":false},{"column":30,"file":"/Users/theonorris/authentication-ms/node_modules/ts-node/src/index.ts","function":"Module.m._compile","line":1617,"method":"_compile","native":false},{"column":10,"file":"node:internal/modules/cjs/loader","function":"Module._extensions..js","line":1310,"method":".js","native":false},{"column":12,"file":"/Users/theonorris/authentication-ms/node_modules/ts-node/src/index.ts","function":"Object.require.extensions.<computed> [as .ts]","line":1621,"method":"ts]","native":false},{"column":32,"file":"node:internal/modules/cjs/loader","function":"Module.load","line":1119,"method":"load","native":false},{"column":12,"file":"node:internal/modules/cjs/loader","function":"Module._load","line":960,"method":"_load","native":false},{"column":19,"file":"node:internal/modules/cjs/loader","function":"Module.require","line":1143,"method":"require","native":false}]}
{"date":"Thu Oct 19 2023 11:59:49 GMT+0200 (Central European Summer Time)","error":{"diagnosticCodes":[2306]},"exception":true,"level":"error","message":"uncaughtException: ⨯ Unable to compile TypeScript:\n\u001b[96msrc/app/component/use-cases/index.ts\u001b[0m:\u001b[93m3\u001b[0m:\u001b[93m23\u001b[0m - \u001b[91merror\u001b[0m\u001b[90m TS2306: \u001b[0mFile '/Users/theonorris/authentication-ms/src/app/component/use-cases/get.ts' is not a module.\n\n\u001b[7m3\u001b[0m import createGet from \"./get\";\n\u001b[7m \u001b[0m \u001b[91m                      ~~~~~~~\u001b[0m\n\nTSError: ⨯ Unable to compile TypeScript:\n\u001b[96msrc/app/component/use-cases/index.ts\u001b[0m:\u001b[93m3\u001b[0m:\u001b[93m23\u001b[0m - \u001b[91merror\u001b[0m\u001b[90m TS2306: \u001b[0mFile '/Users/theonorris/authentication-ms/src/app/component/use-cases/get.ts' is not a module.\n\n\u001b[7m3\u001b[0m import createGet from \"./get\";\n\u001b[7m \u001b[0m \u001b[91m                      ~~~~~~~\u001b[0m\n\n    at createTSError (/Users/theonorris/authentication-ms/node_modules/ts-node/src/index.ts:859:12)\n    at reportTSError (/Users/theonorris/authentication-ms/node_modules/ts-node/src/index.ts:863:19)\n    at getOutput (/Users/theonorris/authentication-ms/node_modules/ts-node/src/index.ts:1077:36)\n    at Object.compile (/Users/theonorris/authentication-ms/node_modules/ts-node/src/index.ts:1433:41)\n    at Module.m._compile (/Users/theonorris/authentication-ms/node_modules/ts-node/src/index.ts:1617:30)\n    at Module._extensions..js (node:internal/modules/cjs/loader:1310:10)\n    at Object.require.extensions.<computed> [as .ts] (/Users/theonorris/authentication-ms/node_modules/ts-node/src/index.ts:1621:12)\n    at Module.load (node:internal/modules/cjs/loader:1119:32)\n    at Function.Module._load (node:internal/modules/cjs/loader:960:12)\n    at Module.require (node:internal/modules/cjs/loader:1143:19)","os":{"loadavg":[28.12255859375,23.1005859375,24.939453125],"uptime":393190},"process":{"argv":["/Users/theonorris/authentication-ms/node_modules/.bin/ts-node","/Users/theonorris/authentication-ms/src/app/index.ts"],"cwd":"/Users/theonorris/authentication-ms","execPath":"/Users/theonorris/.nvm/versions/node/v18.18.2/bin/node","gid":20,"memoryUsage":{"arrayBuffers":2831478,"external":4242846,"heapTotal":135880704,"heapUsed":115581552,"rss":184639488},"pid":66222,"uid":501,"version":"v18.18.2"},"service":"Authentication Micro Services","stack":"TSError: ⨯ Unable to compile TypeScript:\n\u001b[96msrc/app/component/use-cases/index.ts\u001b[0m:\u001b[93m3\u001b[0m:\u001b[93m23\u001b[0m - \u001b[91merror\u001b[0m\u001b[90m TS2306: \u001b[0mFile '/Users/theonorris/authentication-ms/src/app/component/use-cases/get.ts' is not a module.\n\n\u001b[7m3\u001b[0m import createGet from \"./get\";\n\u001b[7m \u001b[0m \u001b[91m                      ~~~~~~~\u001b[0m\n\n    at createTSError (/Users/theonorris/authentication-ms/node_modules/ts-node/src/index.ts:859:12)\n    at reportTSError (/Users/theonorris/authentication-ms/node_modules/ts-node/src/index.ts:863:19)\n    at getOutput (/Users/theonorris/authentication-ms/node_modules/ts-node/src/index.ts:1077:36)\n    at Object.compile (/Users/theonorris/authentication-ms/node_modules/ts-node/src/index.ts:1433:41)\n    at Module.m._compile (/Users/theonorris/authentication-ms/node_modules/ts-node/src/index.ts:1617:30)\n    at Module._extensions..js (node:internal/modules/cjs/loader:1310:10)\n    at Object.require.extensions.<computed> [as .ts] (/Users/theonorris/authentication-ms/node_modules/ts-node/src/index.ts:1621:12)\n    at Module.load (node:internal/modules/cjs/loader:1119:32)\n    at Function.Module._load (node:internal/modules/cjs/loader:960:12)\n    at Module.require (node:internal/modules/cjs/loader:1143:19)","timestamp":"2023-10-19 11:59:49","trace":[{"column":12,"file":"/Users/theonorris/authentication-ms/node_modules/ts-node/src/index.ts","function":"createTSError","line":859,"method":null,"native":false},{"column":19,"file":"/Users/theonorris/authentication-ms/node_modules/ts-node/src/index.ts","function":"reportTSError","line":863,"method":null,"native":false},{"column":36,"file":"/Users/theonorris/authentication-ms/node_modules/ts-node/src/index.ts","function":"getOutput","line":1077,"method":null,"native":false},{"column":41,"file":"/Users/theonorris/authentication-ms/node_modules/ts-node/src/index.ts","function":"Object.compile","line":1433,"method":"compile","native":false},{"column":30,"file":"/Users/theonorris/authentication-ms/node_modules/ts-node/src/index.ts","function":"Module.m._compile","line":1617,"method":"_compile","native":false},{"column":10,"file":"node:internal/modules/cjs/loader","function":"Module._extensions..js","line":1310,"method":".js","native":false},{"column":12,"file":"/Users/theonorris/authentication-ms/node_modules/ts-node/src/index.ts","function":"Object.require.extensions.<computed> [as .ts]","line":1621,"method":"ts]","native":false},{"column":32,"file":"node:internal/modules/cjs/loader","function":"Module.load","line":1119,"method":"load","native":false},{"column":12,"file":"node:internal/modules/cjs/loader","function":"Module._load","line":960,"method":"_load","native":false},{"column":19,"file":"node:internal/modules/cjs/loader","function":"Module.require","line":1143,"method":"require","native":false}]}
{"code":"EEXIST","errno":-17,"level":"error","message":"EEXIST: file already exists, mkdir '/Users/theonorris/authentication-msundefined'","path":"/Users/theonorris/authentication-msundefined","service":"Authentication Micro Services","stack":"Error: EEXIST: file already exists, mkdir '/Users/theonorris/authentication-msundefined'","syscall":"mkdir","timestamp":"2023-10-20 11:25:28"}
{"date":"Fri Oct 20 2023 11:42:25 GMT+0200 (Central European Summer Time)","error":{"diagnosticCodes":[1472]},"exception":true,"level":"error","message":"uncaughtException: ⨯ Unable to compile TypeScript:\n\u001b[96msrc/app/component/use-cases/post.ts\u001b[0m:\u001b[93m72\u001b[0m:\u001b[93m1\u001b[0m - \u001b[91merror\u001b[0m\u001b[90m TS1472: \u001b[0m'catch' or 'finally' expected.\n\n\u001b[7m72\u001b[0m \n\u001b[7m  \u001b[0m \u001b[91m\u001b[0m\n\nTSError: ⨯ Unable to compile TypeScript:\n\u001b[96msrc/app/component/use-cases/post.ts\u001b[0m:\u001b[93m72\u001b[0m:\u001b[93m1\u001b[0m - \u001b[91merror\u001b[0m\u001b[90m TS1472: \u001b[0m'catch' or 'finally' expected.\n\n\u001b[7m72\u001b[0m \n\u001b[7m  \u001b[0m \u001b[91m\u001b[0m\n\n    at createTSError (/Users/theonorris/authentication-ms/node_modules/ts-node/src/index.ts:859:12)\n    at reportTSError (/Users/theonorris/authentication-ms/node_modules/ts-node/src/index.ts:863:19)\n    at /Users/theonorris/authentication-ms/node_modules/ts-node/src/index.ts:1379:34\n    at Object.compile (/Users/theonorris/authentication-ms/node_modules/ts-node/src/index.ts:1458:13)\n    at Module.m._compile (/Users/theonorris/authentication-ms/node_modules/ts-node/src/index.ts:1617:30)\n    at Module._extensions..js (node:internal/modules/cjs/loader:1310:10)\n    at Object.require.extensions.<computed> [as .ts] (/Users/theonorris/authentication-ms/node_modules/ts-node/src/index.ts:1621:12)\n    at Module.load (node:internal/modules/cjs/loader:1119:32)\n    at Function.Module._load (node:internal/modules/cjs/loader:960:12)\n    at Module.require (node:internal/modules/cjs/loader:1143:19)","os":{"loadavg":[15.45947265625,11.00341796875,13.267578125],"uptime":478544},"process":{"argv":["/Users/theonorris/authentication-ms/node_modules/.bin/ts-node","/Users/theonorris/authentication-ms/src/app/index.ts"],"cwd":"/Users/theonorris/authentication-ms","execPath":"/Users/theonorris/authentication-ms/node_modules/node/bin/node","gid":20,"memoryUsage":{"arrayBuffers":1949004,"external":3360445,"heapTotal":67383296,"heapUsed":36709456,"rss":91402240},"pid":78636,"uid":501,"version":"v18.18.2"},"service":"Authentication Micro Services","stack":"TSError: ⨯ Unable to compile TypeScript:\n\u001b[96msrc/app/component/use-cases/post.ts\u001b[0m:\u001b[93m72\u001b[0m:\u001b[93m1\u001b[0m - \u001b[91merror\u001b[0m\u001b[90m TS1472: \u001b[0m'catch' or 'finally' expected.\n\n\u001b[7m72\u001b[0m \n\u001b[7m  \u001b[0m \u001b[91m\u001b[0m\n\n    at createTSError (/Users/theonorris/authentication-ms/node_modules/ts-node/src/index.ts:859:12)\n    at reportTSError (/Users/theonorris/authentication-ms/node_modules/ts-node/src/index.ts:863:19)\n    at /Users/theonorris/authentication-ms/node_modules/ts-node/src/index.ts:1379:34\n    at Object.compile (/Users/theonorris/authentication-ms/node_modules/ts-node/src/index.ts:1458:13)\n    at Module.m._compile (/Users/theonorris/authentication-ms/node_modules/ts-node/src/index.ts:1617:30)\n    at Module._extensions..js (node:internal/modules/cjs/loader:1310:10)\n    at Object.require.extensions.<computed> [as .ts] (/Users/theonorris/authentication-ms/node_modules/ts-node/src/index.ts:1621:12)\n    at Module.load (node:internal/modules/cjs/loader:1119:32)\n    at Function.Module._load (node:internal/modules/cjs/loader:960:12)\n    at Module.require (node:internal/modules/cjs/loader:1143:19)","timestamp":"2023-10-20 11:42:25","trace":[{"column":12,"file":"/Users/theonorris/authentication-ms/node_modules/ts-node/src/index.ts","function":"createTSError","line":859,"method":null,"native":false},{"column":19,"file":"/Users/theonorris/authentication-ms/node_modules/ts-node/src/index.ts","function":"reportTSError","line":863,"method":null,"native":false},{"column":34,"file":"/Users/theonorris/authentication-ms/node_modules/ts-node/src/index.ts","function":null,"line":1379,"method":null,"native":false},{"column":13,"file":"/Users/theonorris/authentication-ms/node_modules/ts-node/src/index.ts","function":"Object.compile","line":1458,"method":"compile","native":false},{"column":30,"file":"/Users/theonorris/authentication-ms/node_modules/ts-node/src/index.ts","function":"Module.m._compile","line":1617,"method":"_compile","native":false},{"column":10,"file":"node:internal/modules/cjs/loader","function":"Module._extensions..js","line":1310,"method":".js","native":false},{"column":12,"file":"/Users/theonorris/authentication-ms/node_modules/ts-node/src/index.ts","function":"Object.require.extensions.<computed> [as .ts]","line":1621,"method":"ts]","native":false},{"column":32,"file":"node:internal/modules/cjs/loader","function":"Module.load","line":1119,"method":"load","native":false},{"column":12,"file":"node:internal/modules/cjs/loader","function":"Module._load","line":960,"method":"_load","native":false},{"column":19,"file":"node:internal/modules/cjs/loader","function":"Module.require","line":1143,"method":"require","native":false}]}
{"level":"error","message":"undefinedusername","service":"Authentication Micro Services","stack":"Error: undefinedusername\n    at checkRequiredParam (/Users/theonorris/authentication-ms/src/app/component/entities/make-input-object.ts:47:13)\n    at checkUsername (/Users/theonorris/authentication-ms/src/app/component/entities/make-input-object.ts:21:5)\n    at Object.username (/Users/theonorris/authentication-ms/src/app/component/entities/make-input-object.ts:13:23)\n    at Object.<anonymous> (/Users/theonorris/authentication-ms/src/app/component/use-cases/post.ts:24:31)\n    at Generator.next (<anonymous>)\n    at /Users/theonorris/authentication-ms/src/app/component/use-cases/post.ts:8:71\n    at new Promise (<anonymous>)\n    at __awaiter (/Users/theonorris/authentication-ms/src/app/component/use-cases/post.ts:4:12)\n    at Object.post (/Users/theonorris/authentication-ms/src/app/component/use-cases/post.ts:15:16)\n    at /Users/theonorris/authentication-ms/src/app/component/use-cases/index.ts:21:6","timestamp":"2023-10-20 12:20:03"}
{"level":"error","message":"undefinedusername","service":"Authentication Micro Services","stack":"Error: undefinedusername\n    at checkRequiredParam (/Users/theonorris/authentication-ms/src/app/component/entities/make-input-object.ts:47:13)\n    at checkUsername (/Users/theonorris/authentication-ms/src/app/component/entities/make-input-object.ts:21:5)\n    at Object.username (/Users/theonorris/authentication-ms/src/app/component/entities/make-input-object.ts:13:23)\n    at Object.<anonymous> (/Users/theonorris/authentication-ms/src/app/component/use-cases/post.ts:24:31)\n    at Generator.next (<anonymous>)\n    at /Users/theonorris/authentication-ms/src/app/component/use-cases/post.ts:8:71\n    at new Promise (<anonymous>)\n    at __awaiter (/Users/theonorris/authentication-ms/src/app/component/use-cases/post.ts:4:12)\n    at Object.post (/Users/theonorris/authentication-ms/src/app/component/use-cases/post.ts:15:16)\n    at /Users/theonorris/authentication-ms/src/app/component/use-cases/index.ts:21:6","timestamp":"2023-10-20 12:20:30"}
{"level":"error","message":"undefinedusername","service":"Authentication Micro Services","stack":"Error: undefinedusername\n    at checkRequiredParam (/Users/theonorris/authentication-ms/src/app/component/entities/make-input-object.ts:47:13)\n    at checkUsername (/Users/theonorris/authentication-ms/src/app/component/entities/make-input-object.ts:21:5)\n    at Object.username (/Users/theonorris/authentication-ms/src/app/component/entities/make-input-object.ts:13:23)\n    at Object.<anonymous> (/Users/theonorris/authentication-ms/src/app/component/use-cases/post.ts:24:31)\n    at Generator.next (<anonymous>)\n    at /Users/theonorris/authentication-ms/src/app/component/use-cases/post.ts:8:71\n    at new Promise (<anonymous>)\n    at __awaiter (/Users/theonorris/authentication-ms/src/app/component/use-cases/post.ts:4:12)\n    at Object.post (/Users/theonorris/authentication-ms/src/app/component/use-cases/post.ts:15:16)\n    at /Users/theonorris/authentication-ms/src/app/component/use-cases/index.ts:21:6","timestamp":"2023-10-20 17:41:45"}
{"level":"error","message":"[AUTH_MS] caught exception: Route.get() requires a callback function but got a [object Undefined]","service":"Authentication Micro Services","timestamp":"2023-10-20 18:00:00"}
{"date":"Fri Oct 20 2023 18:40:40 GMT+0200 (Central European Summer Time)","error":{"diagnosticCodes":[1109]},"exception":true,"level":"error","message":"uncaughtException: ⨯ Unable to compile TypeScript:\n\u001b[96msrc/app/component/use-cases/index.ts\u001b[0m:\u001b[93m7\u001b[0m:\u001b[93m34\u001b[0m - \u001b[91merror\u001b[0m\u001b[90m TS1109: \u001b[0mExpression expected.\n\n\u001b[7m7\u001b[0m import { access, readFile } from ;\n\u001b[7m \u001b[0m \u001b[91m                                 ~\u001b[0m\n\nTSError: ⨯ Unable to compile TypeScript:\n\u001b[96msrc/app/component/use-cases/index.ts\u001b[0m:\u001b[93m7\u001b[0m:\u001b[93m34\u001b[0m - \u001b[91merror\u001b[0m\u001b[90m TS1109: \u001b[0mExpression expected.\n\n\u001b[7m7\u001b[0m import { access, readFile } from ;\n\u001b[7m \u001b[0m \u001b[91m                                 ~\u001b[0m\n\n    at createTSError (/Users/theonorris/authentication-ms/node_modules/ts-node/src/index.ts:859:12)\n    at reportTSError (/Users/theonorris/authentication-ms/node_modules/ts-node/src/index.ts:863:19)\n    at /Users/theonorris/authentication-ms/node_modules/ts-node/src/index.ts:1379:34\n    at Object.compile (/Users/theonorris/authentication-ms/node_modules/ts-node/src/index.ts:1458:13)\n    at Module.m._compile (/Users/theonorris/authentication-ms/node_modules/ts-node/src/index.ts:1617:30)\n    at Module._extensions..js (node:internal/modules/cjs/loader:1310:10)\n    at Object.require.extensions.<computed> [as .ts] (/Users/theonorris/authentication-ms/node_modules/ts-node/src/index.ts:1621:12)\n    at Module.load (node:internal/modules/cjs/loader:1119:32)\n    at Function.Module._load (node:internal/modules/cjs/loader:960:12)\n    at Module.require (node:internal/modules/cjs/loader:1143:19)","os":{"loadavg":[7.31884765625,5.04248046875,5.16455078125],"uptime":503638},"process":{"argv":["/Users/theonorris/authentication-ms/node_modules/.bin/ts-node","/Users/theonorris/authentication-ms/src/app/index.ts"],"cwd":"/Users/theonorris/authentication-ms","execPath":"/Users/theonorris/authentication-ms/node_modules/node/bin/node","gid":20,"memoryUsage":{"arrayBuffers":1949108,"external":3360476,"heapTotal":47489024,"heapUsed":33402240,"rss":86081536},"pid":81085,"uid":501,"version":"v18.18.2"},"service":"Authentication Micro Services","stack":"TSError: ⨯ Unable to compile TypeScript:\n\u001b[96msrc/app/component/use-cases/index.ts\u001b[0m:\u001b[93m7\u001b[0m:\u001b[93m34\u001b[0m - \u001b[91merror\u001b[0m\u001b[90m TS1109: \u001b[0mExpression expected.\n\n\u001b[7m7\u001b[0m import { access, readFile } from ;\n\u001b[7m \u001b[0m \u001b[91m                                 ~\u001b[0m\n\n    at createTSError (/Users/theonorris/authentication-ms/node_modules/ts-node/src/index.ts:859:12)\n    at reportTSError (/Users/theonorris/authentication-ms/node_modules/ts-node/src/index.ts:863:19)\n    at /Users/theonorris/authentication-ms/node_modules/ts-node/src/index.ts:1379:34\n    at Object.compile (/Users/theonorris/authentication-ms/node_modules/ts-node/src/index.ts:1458:13)\n    at Module.m._compile (/Users/theonorris/authentication-ms/node_modules/ts-node/src/index.ts:1617:30)\n    at Module._extensions..js (node:internal/modules/cjs/loader:1310:10)\n    at Object.require.extensions.<computed> [as .ts] (/Users/theonorris/authentication-ms/node_modules/ts-node/src/index.ts:1621:12)\n    at Module.load (node:internal/modules/cjs/loader:1119:32)\n    at Function.Module._load (node:internal/modules/cjs/loader:960:12)\n    at Module.require (node:internal/modules/cjs/loader:1143:19)","timestamp":"2023-10-20 18:40:40","trace":[{"column":12,"file":"/Users/theonorris/authentication-ms/node_modules/ts-node/src/index.ts","function":"createTSError","line":859,"method":null,"native":false},{"column":19,"file":"/Users/theonorris/authentication-ms/node_modules/ts-node/src/index.ts","function":"reportTSError","line":863,"method":null,"native":false},{"column":34,"file":"/Users/theonorris/authentication-ms/node_modules/ts-node/src/index.ts","function":null,"line":1379,"method":null,"native":false},{"column":13,"file":"/Users/theonorris/authentication-ms/node_modules/ts-node/src/index.ts","function":"Object.compile","line":1458,"method":"compile","native":false},{"column":30,"file":"/Users/theonorris/authentication-ms/node_modules/ts-node/src/index.ts","function":"Module.m._compile","line":1617,"method":"_compile","native":false},{"column":10,"file":"node:internal/modules/cjs/loader","function":"Module._extensions..js","line":1310,"method":".js","native":false},{"column":12,"file":"/Users/theonorris/authentication-ms/node_modules/ts-node/src/index.ts","function":"Object.require.extensions.<computed> [as .ts]","line":1621,"method":"ts]","native":false},{"column":32,"file":"node:internal/modules/cjs/loader","function":"Module.load","line":1119,"method":"load","native":false},{"column":12,"file":"node:internal/modules/cjs/loader","function":"Module._load","line":960,"method":"_load","native":false},{"column":19,"file":"node:internal/modules/cjs/loader","function":"Module.require","line":1143,"method":"require","native":false}]}
{"level":"error","message":"[AUTH_MS] caught exception: hostname is not defined","service":"Authentication Micro Services","timestamp":"2023-10-20 19:54:53"}
